<!DOCTYPE html>

<html>
  <head>
  <title>TestNG reports</title>

    <link type="text/css" href="testng-reports.css" rel="stylesheet" />  
    <script type="text/javascript" src="jquery-1.7.1.min.js"></script>
    <script type="text/javascript" src="testng-reports.js"></script>
    <script type="text/javascript" src="https://www.google.com/jsapi"></script>
    <script type='text/javascript'>
      google.load('visualization', '1', {packages:['table']});
      google.setOnLoadCallback(drawTable);
      var suiteTableInitFunctions = new Array();
      var suiteTableData = new Array();
    </script>
    <!--
      <script type="text/javascript" src="jquery-ui/js/jquery-ui-1.8.16.custom.min.js"></script>
     -->
  </head>

  <body>
    <div class="top-banner-root">
      <span class="top-banner-title-font">Test results</span>
      <br/>
      <span class="top-banner-font-1">1 suite, 2 failed tests</span>
    </div> <!-- top-banner-root -->
    <div class="navigator-root">
      <div class="navigator-suite-header">
        <span>All suites</span>
        <a href="#" class="collapse-all-link" title="Collapse/expand all the suites">
          <img class="collapse-all-icon" src="collapseall.gif">
          </img> <!-- collapse-all-icon -->
        </a> <!-- collapse-all-link -->
      </div> <!-- navigator-suite-header -->
      <div class="suite">
        <div class="rounded-window">
          <div class="suite-header light-rounded-window-top">
            <a href="#" class="navigator-link" panel-name="suite-Test_runner">
              <span class="suite-name border-failed">Test runner</span>
            </a> <!-- navigator-link -->
          </div> <!-- suite-header light-rounded-window-top -->
          <div class="navigator-suite-content">
            <div class="suite-section-title">
              <span>Info</span>
            </div> <!-- suite-section-title -->
            <div class="suite-section-content">
              <ul>
                <li>
                  <a href="#" class="navigator-link " panel-name="test-xml-Test_runner">
                    <span>H:\Automation\jwebfwk\src\test\resources\testng\testng.xml</span>
                  </a> <!-- navigator-link  -->
                </li>
                <li>
                  <a href="#" class="navigator-link " panel-name="testlist-Test_runner">
                    <span class="test-stats">1 test</span>
                  </a> <!-- navigator-link  -->
                </li>
                <li>
                  <a href="#" class="navigator-link " panel-name="group-Test_runner">
                    <span>1 group</span>
                  </a> <!-- navigator-link  -->
                </li>
                <li>
                  <a href="#" class="navigator-link " panel-name="times-Test_runner">
                    <span>Times</span>
                  </a> <!-- navigator-link  -->
                </li>
                <li>
                  <a href="#" class="navigator-link " panel-name="reporter-Test_runner">
                    <span>Reporter output</span>
                  </a> <!-- navigator-link  -->
                </li>
                <li>
                  <a href="#" class="navigator-link " panel-name="ignored-methods-Test_runner">
                    <span>Ignored methods</span>
                  </a> <!-- navigator-link  -->
                </li>
                <li>
                  <a href="#" class="navigator-link " panel-name="chronological-Test_runner">
                    <span>Chronological view</span>
                  </a> <!-- navigator-link  -->
                </li>
              </ul>
            </div> <!-- suite-section-content -->
            <div class="result-section">
              <div class="suite-section-title">
                <span>Results</span>
              </div> <!-- suite-section-title -->
              <div class="suite-section-content">
                <ul>
                  <li>
                    <span class="method-stats">2 methods, 2 failed,   </span>
                  </li>
                  <li>
                    <span class="method-list-title failed">Failed methods</span>
                    <span class="show-or-hide-methods failed">
                      <a href="#" panel-name="suite-Test_runner" class="hide-methods failed suite-Test_runner"> (hide)</a> <!-- hide-methods failed suite-Test_runner -->
                      <a href="#" panel-name="suite-Test_runner" class="show-methods failed suite-Test_runner"> (show)</a> <!-- show-methods failed suite-Test_runner -->
                    </span>
                    <div class="method-list-content failed suite-Test_runner">
                      <span>
                        <img width="3%" src="failed.png"/>
                        <a href="#" class="method navigator-link" panel-name="suite-Test_runner" title="uk.co.automatictester.jwebfwk.runners.DownloadFeatureRunner_Copy" hash-for-method="run_cukes">run_cukes</a> <!-- method navigator-link -->
                      </span>
                      <br/>
                      <span>
                        <img width="3%" src="failed.png"/>
                        <a href="#" class="method navigator-link" panel-name="suite-Test_runner" title="uk.co.automatictester.jwebfwk.runners.DownloadFeatureRunner" hash-for-method="run_cukes">run_cukes</a> <!-- method navigator-link -->
                      </span>
                      <br/>
                    </div> <!-- method-list-content failed suite-Test_runner -->
                  </li>
                </ul>
              </div> <!-- suite-section-content -->
            </div> <!-- result-section -->
          </div> <!-- navigator-suite-content -->
        </div> <!-- rounded-window -->
      </div> <!-- suite -->
    </div> <!-- navigator-root -->
    <div class="wrapper">
      <div class="main-panel-root">
        <div panel-name="suite-Test_runner" class="panel Test_runner">
          <div class="suite-Test_runner-class-failed">
            <div class="main-panel-header rounded-window-top">
              <img src="failed.png"/>
              <span class="class-name">uk.co.automatictester.jwebfwk.runners.DownloadFeatureRunner</span>
            </div> <!-- main-panel-header rounded-window-top -->
            <div class="main-panel-content rounded-window-bottom">
              <div class="method">
                <div class="method-content">
                  <a name="run_cukes">
                  </a> <!-- run_cukes -->
                  <span class="method-name">run_cukes</span>
                  <div class="stack-trace">cucumber.runtime.CucumberException: org.openqa.selenium.WebDriverException: Unable to bind to locking port 7054 within 45000 ms
Build info: version: &apos;2.46.0&apos;, revision: &apos;61506a4624b13675f24581e453592342b7485d71&apos;, time: &apos;2015-06-04 10:22:50&apos;
System info: host: &apos;Alex-PC&apos;, ip: &apos;192.168.1.106&apos;, os.name: &apos;Windows 10&apos;, os.arch: &apos;amd64&apos;, os.version: &apos;10.0&apos;, java.version: &apos;1.8.0_121&apos;
Driver info: driver.version: FirefoxDriver
	at cucumber.api.testng.TestNGCucumberRunner.runCukes(TestNGCucumberRunner.java:48)
	at cucumber.api.testng.AbstractTestNGCucumberTests.run_cukes(AbstractTestNGCucumberTests.java:14)
	at cucumber.api.testng.AbstractTestNGCucumberTests.run(AbstractTestNGCucumberTests.java:19)
	at java.util.concurrent.ThreadPoolExecutor.runWorker(ThreadPoolExecutor.java:1142)
	at java.util.concurrent.ThreadPoolExecutor$Worker.run(ThreadPoolExecutor.java:617)
	at java.lang.Thread.run(Thread.java:745)
Caused by: org.openqa.selenium.WebDriverException: Unable to bind to locking port 7054 within 45000 ms
Build info: version: &apos;2.46.0&apos;, revision: &apos;61506a4624b13675f24581e453592342b7485d71&apos;, time: &apos;2015-06-04 10:22:50&apos;
System info: host: &apos;Alex-PC&apos;, ip: &apos;192.168.1.106&apos;, os.name: &apos;Windows 10&apos;, os.arch: &apos;amd64&apos;, os.version: &apos;10.0&apos;, java.version: &apos;1.8.0_121&apos;
Driver info: driver.version: FirefoxDriver
	at org.openqa.selenium.internal.SocketLock.lock(SocketLock.java:99)
	at org.openqa.selenium.firefox.internal.NewProfileExtensionConnection.start(NewProfileExtensionConnection.java:88)
	at org.openqa.selenium.firefox.FirefoxDriver.startClient(FirefoxDriver.java:275)
	at org.openqa.selenium.remote.RemoteWebDriver.&lt;init&gt;(RemoteWebDriver.java:116)
	at org.openqa.selenium.firefox.FirefoxDriver.&lt;init&gt;(FirefoxDriver.java:220)
	at org.openqa.selenium.firefox.FirefoxDriver.&lt;init&gt;(FirefoxDriver.java:215)
	at org.openqa.selenium.firefox.FirefoxDriver.&lt;init&gt;(FirefoxDriver.java:211)
	at org.openqa.selenium.firefox.FirefoxDriver.&lt;init&gt;(FirefoxDriver.java:124)
	at uk.co.automatictester.jwebfwk.framework.ParentScenario.startBrowser(ParentScenario.java:22)
	at uk.co.automatictester.jwebfwk.glue.StepDefinitions.beforeScenario(StepDefinitions.java:20)
	at cucumber.runtime.Utils$1.call(Utils.java:37)
	at cucumber.runtime.Timeout.timeout(Timeout.java:13)
	at cucumber.runtime.Utils.invoke(Utils.java:31)
	at cucumber.runtime.java.JavaHookDefinition.execute(JavaHookDefinition.java:59)
	at cucumber.runtime.Runtime.runHookIfTagsMatch(Runtime.java:222)
	at cucumber.runtime.Runtime.runHooks(Runtime.java:210)
	at cucumber.runtime.Runtime.runBeforeHooks(Runtime.java:200)
	at cucumber.runtime.model.CucumberScenario.run(CucumberScenario.java:44)
	at cucumber.runtime.model.CucumberFeature.run(CucumberFeature.java:163)
	at cucumber.runtime.Runtime.run(Runtime.java:120)
	at cucumber.api.testng.TestNGCucumberRunner.runCukes(TestNGCucumberRunner.java:43)
	... 17 more
... Removed 16 stack frames
</div> <!-- stack-trace -->
                  <em>
(Runs Cucumber Features)                  </em>
                </div> <!-- method-content -->
              </div> <!-- method -->
            </div> <!-- main-panel-content rounded-window-bottom -->
          </div> <!-- suite-Test_runner-class-failed -->
          <div class="suite-Test_runner-class-failed">
            <div class="main-panel-header rounded-window-top">
              <img src="failed.png"/>
              <span class="class-name">uk.co.automatictester.jwebfwk.runners.DownloadFeatureRunner_Copy</span>
            </div> <!-- main-panel-header rounded-window-top -->
            <div class="main-panel-content rounded-window-bottom">
              <div class="method">
                <div class="method-content">
                  <a name="run_cukes">
                  </a> <!-- run_cukes -->
                  <span class="method-name">run_cukes</span>
                  <div class="stack-trace">cucumber.runtime.CucumberException: org.openqa.selenium.WebDriverException: Failed to connect to binary FirefoxBinary(C:\Program Files\Mozilla Firefox\firefox.exe) on port 7055; process output follows: 
8YMa_iF2_O20&quot;,&quot;location&quot;:&quot;app-global&quot;,&quot;version&quot;:&quot;44.0&quot;,&quot;type&quot;:&quot;theme&quot;,&quot;internalName&quot;:&quot;classic/1.0&quot;,&quot;updateURL&quot;:null,&quot;updateKey&quot;:null,&quot;optionsURL&quot;:null,&quot;optionsType&quot;:null,&quot;aboutURL&quot;:null,&quot;icons&quot;:{&quot;32&quot;:&quot;icon.png&quot;,&quot;48&quot;:&quot;icon.png&quot;},&quot;iconURL&quot;:null,&quot;icon64URL&quot;:null,&quot;defaultLocale&quot;:{&quot;name&quot;:&quot;Default&quot;,&quot;description&quot;:&quot;The default theme.&quot;,&quot;creator&quot;:&quot;Mozilla&quot;,&quot;homepageURL&quot;:null,&quot;contributors&quot;:[&quot;Mozilla Contributors&quot;]},&quot;visible&quot;:true,&quot;active&quot;:true,&quot;userDisabled&quot;:false,&quot;appDisabled&quot;:false,&quot;descriptor&quot;:&quot;C:\\Program Files\\Mozilla Firefox\\browser\\extensions\\{972ce4c6-7e08-4474-a285-3208198ce6fd}&quot;,&quot;installDate&quot;:1482203161597,&quot;updateDate&quot;:1482203161597,&quot;applyBackgroundUpdates&quot;:1,&quot;skinnable&quot;:true,&quot;size&quot;:24166,&quot;sourceURI&quot;:null,&quot;releaseNotesURI&quot;:null,&quot;softDisabled&quot;:false,&quot;foreignInstall&quot;:false,&quot;hasBinaryComponents&quot;:false,&quot;strictCompatibility&quot;:true,&quot;locales&quot;:[],&quot;targetApplications&quot;:[{&quot;id&quot;:&quot;{ec8030f7-c20a-464f-9b0e-13a3a9e97384}&quot;,&quot;minVersion&quot;:&quot;44.0&quot;,&quot;maxVersion&quot;:&quot;44.0&quot;}],&quot;targetPlatforms&quot;:[]}
1489322214743	addons.xpi	DEBUG	getModTime: Recursive scan of {972ce4c6-7e08-4474-a285-3208198ce6fd}
1489322214744	DeferredSave.extensions.json	DEBUG	Save changes
1489322214744	addons.xpi	DEBUG	Updating database with changes to installed add-ons
1489322214744	addons.xpi-utils	DEBUG	Updating add-on states
1489322214745	addons.xpi-utils	DEBUG	Writing add-ons list
1489322214752	addons.manager	DEBUG	Registering shutdown blocker for XPIProvider
1489322214752	addons.manager	DEBUG	Provider finished startup: XPIProvider
1489322214752	addons.manager	DEBUG	Starting provider: LightweightThemeManager
1489322214752	addons.manager	DEBUG	Registering shutdown blocker for LightweightThemeManager
1489322214753	addons.manager	DEBUG	Provider finished startup: LightweightThemeManager
1489322214753	addons.manager	DEBUG	Starting provider: GMPProvider
1489322214758	addons.manager	DEBUG	Registering shutdown blocker for GMPProvider
1489322214758	addons.manager	DEBUG	Provider finished startup: GMPProvider
1489322214758	addons.manager	DEBUG	Starting provider: PluginProvider
1489322214758	addons.manager	DEBUG	Registering shutdown blocker for PluginProvider
1489322214759	addons.manager	DEBUG	Provider finished startup: PluginProvider
1489322214759	addons.manager	DEBUG	Completed startup sequence
1489322214975	addons.manager	DEBUG	Starting provider: &lt;unnamed-provider&gt;
1489322214975	addons.manager	DEBUG	Registering shutdown blocker for &lt;unnamed-provider&gt;
1489322214975	addons.manager	DEBUG	Provider finished startup: &lt;unnamed-provider&gt;
1489322215068	DeferredSave.extensions.json	DEBUG	Starting write
1489322215270	addons.repository	DEBUG	No addons.json found.
1489322215270	DeferredSave.addons.json	DEBUG	Save changes
1489322215272	DeferredSave.addons.json	DEBUG	Starting timer
1489322215282	addons.manager	DEBUG	Starting provider: PreviousExperimentProvider
1489322215282	addons.manager	DEBUG	Registering shutdown blocker for PreviousExperimentProvider
1489322215282	addons.manager	DEBUG	Provider finished startup: PreviousExperimentProvider
1489322215285	DeferredSave.extensions.json	DEBUG	Write succeeded
1489322215285	addons.xpi-utils	DEBUG	XPI Database saved, setting schema version preference to 17
1489322215333	DeferredSave.addons.json	DEBUG	Starting write
1489322215489	DeferredSave.addons.json	DEBUG	Write succeeded
1489322237838	addons.manager	DEBUG	shutdown
1489322237838	addons.manager	DEBUG	Calling shutdown blocker for XPIProvider
1489322237838	addons.xpi	DEBUG	shutdown
1489322237839	addons.xpi-utils	DEBUG	shutdown
1489322237839	addons.manager	DEBUG	Calling shutdown blocker for LightweightThemeManager
1489322237839	addons.manager	DEBUG	Calling shutdown blocker for GMPProvider
1489322237840	addons.manager	DEBUG	Calling shutdown blocker for PluginProvider
1489322237840	addons.manager	DEBUG	Calling shutdown blocker for &lt;unnamed-provider&gt;
1489322237841	addons.manager	DEBUG	Calling shutdown blocker for PreviousExperimentProvider
1489322237843	addons.xpi	DEBUG	Notifying XPI shutdown observers
1489322237846	addons.manager	DEBUG	Async provider shutdown done

Build info: version: &apos;2.46.0&apos;, revision: &apos;61506a4624b13675f24581e453592342b7485d71&apos;, time: &apos;2015-06-04 10:22:50&apos;
System info: host: &apos;Alex-PC&apos;, ip: &apos;192.168.1.106&apos;, os.name: &apos;Windows 10&apos;, os.arch: &apos;amd64&apos;, os.version: &apos;10.0&apos;, java.version: &apos;1.8.0_121&apos;
Driver info: driver.version: FirefoxDriver
	at cucumber.api.testng.TestNGCucumberRunner.runCukes(TestNGCucumberRunner.java:48)
	at cucumber.api.testng.AbstractTestNGCucumberTests.run_cukes(AbstractTestNGCucumberTests.java:14)
	at cucumber.api.testng.AbstractTestNGCucumberTests.run(AbstractTestNGCucumberTests.java:19)
	at java.util.concurrent.ThreadPoolExecutor.runWorker(ThreadPoolExecutor.java:1142)
	at java.util.concurrent.ThreadPoolExecutor$Worker.run(ThreadPoolExecutor.java:617)
	at java.lang.Thread.run(Thread.java:745)
Caused by: org.openqa.selenium.WebDriverException: Failed to connect to binary FirefoxBinary(C:\Program Files\Mozilla Firefox\firefox.exe) on port 7055; process output follows: 
8YMa_iF2_O20&quot;,&quot;location&quot;:&quot;app-global&quot;,&quot;version&quot;:&quot;44.0&quot;,&quot;type&quot;:&quot;theme&quot;,&quot;internalName&quot;:&quot;classic/1.0&quot;,&quot;updateURL&quot;:null,&quot;updateKey&quot;:null,&quot;optionsURL&quot;:null,&quot;optionsType&quot;:null,&quot;aboutURL&quot;:null,&quot;icons&quot;:{&quot;32&quot;:&quot;icon.png&quot;,&quot;48&quot;:&quot;icon.png&quot;},&quot;iconURL&quot;:null,&quot;icon64URL&quot;:null,&quot;defaultLocale&quot;:{&quot;name&quot;:&quot;Default&quot;,&quot;description&quot;:&quot;The default theme.&quot;,&quot;creator&quot;:&quot;Mozilla&quot;,&quot;homepageURL&quot;:null,&quot;contributors&quot;:[&quot;Mozilla Contributors&quot;]},&quot;visible&quot;:true,&quot;active&quot;:true,&quot;userDisabled&quot;:false,&quot;appDisabled&quot;:false,&quot;descriptor&quot;:&quot;C:\\Program Files\\Mozilla Firefox\\browser\\extensions\\{972ce4c6-7e08-4474-a285-3208198ce6fd}&quot;,&quot;installDate&quot;:1482203161597,&quot;updateDate&quot;:1482203161597,&quot;applyBackgroundUpdates&quot;:1,&quot;skinnable&quot;:true,&quot;size&quot;:24166,&quot;sourceURI&quot;:null,&quot;releaseNotesURI&quot;:null,&quot;softDisabled&quot;:false,&quot;foreignInstall&quot;:false,&quot;hasBinaryComponents&quot;:false,&quot;strictCompatibility&quot;:true,&quot;locales&quot;:[],&quot;targetApplications&quot;:[{&quot;id&quot;:&quot;{ec8030f7-c20a-464f-9b0e-13a3a9e97384}&quot;,&quot;minVersion&quot;:&quot;44.0&quot;,&quot;maxVersion&quot;:&quot;44.0&quot;}],&quot;targetPlatforms&quot;:[]}
1489322214743	addons.xpi	DEBUG	getModTime: Recursive scan of {972ce4c6-7e08-4474-a285-3208198ce6fd}
1489322214744	DeferredSave.extensions.json	DEBUG	Save changes
1489322214744	addons.xpi	DEBUG	Updating database with changes to installed add-ons
1489322214744	addons.xpi-utils	DEBUG	Updating add-on states
1489322214745	addons.xpi-utils	DEBUG	Writing add-ons list
1489322214752	addons.manager	DEBUG	Registering shutdown blocker for XPIProvider
1489322214752	addons.manager	DEBUG	Provider finished startup: XPIProvider
1489322214752	addons.manager	DEBUG	Starting provider: LightweightThemeManager
1489322214752	addons.manager	DEBUG	Registering shutdown blocker for LightweightThemeManager
1489322214753	addons.manager	DEBUG	Provider finished startup: LightweightThemeManager
1489322214753	addons.manager	DEBUG	Starting provider: GMPProvider
1489322214758	addons.manager	DEBUG	Registering shutdown blocker for GMPProvider
1489322214758	addons.manager	DEBUG	Provider finished startup: GMPProvider
1489322214758	addons.manager	DEBUG	Starting provider: PluginProvider
1489322214758	addons.manager	DEBUG	Registering shutdown blocker for PluginProvider
1489322214759	addons.manager	DEBUG	Provider finished startup: PluginProvider
1489322214759	addons.manager	DEBUG	Completed startup sequence
1489322214975	addons.manager	DEBUG	Starting provider: &lt;unnamed-provider&gt;
1489322214975	addons.manager	DEBUG	Registering shutdown blocker for &lt;unnamed-provider&gt;
1489322214975	addons.manager	DEBUG	Provider finished startup: &lt;unnamed-provider&gt;
1489322215068	DeferredSave.extensions.json	DEBUG	Starting write
1489322215270	addons.repository	DEBUG	No addons.json found.
1489322215270	DeferredSave.addons.json	DEBUG	Save changes
1489322215272	DeferredSave.addons.json	DEBUG	Starting timer
1489322215282	addons.manager	DEBUG	Starting provider: PreviousExperimentProvider
1489322215282	addons.manager	DEBUG	Registering shutdown blocker for PreviousExperimentProvider
1489322215282	addons.manager	DEBUG	Provider finished startup: PreviousExperimentProvider
1489322215285	DeferredSave.extensions.json	DEBUG	Write succeeded
1489322215285	addons.xpi-utils	DEBUG	XPI Database saved, setting schema version preference to 17
1489322215333	DeferredSave.addons.json	DEBUG	Starting write
1489322215489	DeferredSave.addons.json	DEBUG	Write succeeded
1489322237838	addons.manager	DEBUG	shutdown
1489322237838	addons.manager	DEBUG	Calling shutdown blocker for XPIProvider
1489322237838	addons.xpi	DEBUG	shutdown
1489322237839	addons.xpi-utils	DEBUG	shutdown
1489322237839	addons.manager	DEBUG	Calling shutdown blocker for LightweightThemeManager
1489322237839	addons.manager	DEBUG	Calling shutdown blocker for GMPProvider
1489322237840	addons.manager	DEBUG	Calling shutdown blocker for PluginProvider
1489322237840	addons.manager	DEBUG	Calling shutdown blocker for &lt;unnamed-provider&gt;
1489322237841	addons.manager	DEBUG	Calling shutdown blocker for PreviousExperimentProvider
1489322237843	addons.xpi	DEBUG	Notifying XPI shutdown observers
1489322237846	addons.manager	DEBUG	Async provider shutdown done

Build info: version: &apos;2.46.0&apos;, revision: &apos;61506a4624b13675f24581e453592342b7485d71&apos;, time: &apos;2015-06-04 10:22:50&apos;
System info: host: &apos;Alex-PC&apos;, ip: &apos;192.168.1.106&apos;, os.name: &apos;Windows 10&apos;, os.arch: &apos;amd64&apos;, os.version: &apos;10.0&apos;, java.version: &apos;1.8.0_121&apos;
Driver info: driver.version: FirefoxDriver
	at org.openqa.selenium.firefox.internal.NewProfileExtensionConnection.start(NewProfileExtensionConnection.java:132)
	at org.openqa.selenium.firefox.FirefoxDriver.startClient(FirefoxDriver.java:275)
	at org.openqa.selenium.remote.RemoteWebDriver.&lt;init&gt;(RemoteWebDriver.java:116)
	at org.openqa.selenium.firefox.FirefoxDriver.&lt;init&gt;(FirefoxDriver.java:220)
	at org.openqa.selenium.firefox.FirefoxDriver.&lt;init&gt;(FirefoxDriver.java:215)
	at org.openqa.selenium.firefox.FirefoxDriver.&lt;init&gt;(FirefoxDriver.java:211)
	at org.openqa.selenium.firefox.FirefoxDriver.&lt;init&gt;(FirefoxDriver.java:124)
	at uk.co.automatictester.jwebfwk.framework.ParentScenario.startBrowser(ParentScenario.java:22)
	at uk.co.automatictester.jwebfwk.glue.StepDefinitions.beforeScenario(StepDefinitions.java:20)
	at cucumber.runtime.Utils$1.call(Utils.java:37)
	at cucumber.runtime.Timeout.timeout(Timeout.java:13)
	at cucumber.runtime.Utils.invoke(Utils.java:31)
	at cucumber.runtime.java.JavaHookDefinition.execute(JavaHookDefinition.java:59)
	at cucumber.runtime.Runtime.runHookIfTagsMatch(Runtime.java:222)
	at cucumber.runtime.Runtime.runHooks(Runtime.java:210)
	at cucumber.runtime.Runtime.runBeforeHooks(Runtime.java:200)
	at cucumber.runtime.model.CucumberScenario.run(CucumberScenario.java:44)
	at cucumber.runtime.model.CucumberFeature.run(CucumberFeature.java:163)
	at cucumber.runtime.Runtime.run(Runtime.java:120)
	at cucumber.api.testng.TestNGCucumberRunner.runCukes(TestNGCucumberRunner.java:43)
	... 17 more
Caused by: org.openqa.selenium.firefox.NotConnectedException: Unable to connect to host 127.0.0.1 on port 7055 after 45000 ms. Firefox console output:
8YMa_iF2_O20&quot;,&quot;location&quot;:&quot;app-global&quot;,&quot;version&quot;:&quot;44.0&quot;,&quot;type&quot;:&quot;theme&quot;,&quot;internalName&quot;:&quot;classic/1.0&quot;,&quot;updateURL&quot;:null,&quot;updateKey&quot;:null,&quot;optionsURL&quot;:null,&quot;optionsType&quot;:null,&quot;aboutURL&quot;:null,&quot;icons&quot;:{&quot;32&quot;:&quot;icon.png&quot;,&quot;48&quot;:&quot;icon.png&quot;},&quot;iconURL&quot;:null,&quot;icon64URL&quot;:null,&quot;defaultLocale&quot;:{&quot;name&quot;:&quot;Default&quot;,&quot;description&quot;:&quot;The default theme.&quot;,&quot;creator&quot;:&quot;Mozilla&quot;,&quot;homepageURL&quot;:null,&quot;contributors&quot;:[&quot;Mozilla Contributors&quot;]},&quot;visible&quot;:true,&quot;active&quot;:true,&quot;userDisabled&quot;:false,&quot;appDisabled&quot;:false,&quot;descriptor&quot;:&quot;C:\\Program Files\\Mozilla Firefox\\browser\\extensions\\{972ce4c6-7e08-4474-a285-3208198ce6fd}&quot;,&quot;installDate&quot;:1482203161597,&quot;updateDate&quot;:1482203161597,&quot;applyBackgroundUpdates&quot;:1,&quot;skinnable&quot;:true,&quot;size&quot;:24166,&quot;sourceURI&quot;:null,&quot;releaseNotesURI&quot;:null,&quot;softDisabled&quot;:false,&quot;foreignInstall&quot;:false,&quot;hasBinaryComponents&quot;:false,&quot;strictCompatibility&quot;:true,&quot;locales&quot;:[],&quot;targetApplications&quot;:[{&quot;id&quot;:&quot;{ec8030f7-c20a-464f-9b0e-13a3a9e97384}&quot;,&quot;minVersion&quot;:&quot;44.0&quot;,&quot;maxVersion&quot;:&quot;44.0&quot;}],&quot;targetPlatforms&quot;:[]}
1489322214743	addons.xpi	DEBUG	getModTime: Recursive scan of {972ce4c6-7e08-4474-a285-3208198ce6fd}
1489322214744	DeferredSave.extensions.json	DEBUG	Save changes
1489322214744	addons.xpi	DEBUG	Updating database with changes to installed add-ons
1489322214744	addons.xpi-utils	DEBUG	Updating add-on states
1489322214745	addons.xpi-utils	DEBUG	Writing add-ons list
1489322214752	addons.manager	DEBUG	Registering shutdown blocker for XPIProvider
1489322214752	addons.manager	DEBUG	Provider finished startup: XPIProvider
1489322214752	addons.manager	DEBUG	Starting provider: LightweightThemeManager
1489322214752	addons.manager	DEBUG	Registering shutdown blocker for LightweightThemeManager
1489322214753	addons.manager	DEBUG	Provider finished startup: LightweightThemeManager
1489322214753	addons.manager	DEBUG	Starting provider: GMPProvider
1489322214758	addons.manager	DEBUG	Registering shutdown blocker for GMPProvider
1489322214758	addons.manager	DEBUG	Provider finished startup: GMPProvider
1489322214758	addons.manager	DEBUG	Starting provider: PluginProvider
1489322214758	addons.manager	DEBUG	Registering shutdown blocker for PluginProvider
1489322214759	addons.manager	DEBUG	Provider finished startup: PluginProvider
1489322214759	addons.manager	DEBUG	Completed startup sequence
1489322214975	addons.manager	DEBUG	Starting provider: &lt;unnamed-provider&gt;
1489322214975	addons.manager	DEBUG	Registering shutdown blocker for &lt;unnamed-provider&gt;
1489322214975	addons.manager	DEBUG	Provider finished startup: &lt;unnamed-provider&gt;
1489322215068	DeferredSave.extensions.json	DEBUG	Starting write
1489322215270	addons.repository	DEBUG	No addons.json found.
1489322215270	DeferredSave.addons.json	DEBUG	Save changes
1489322215272	DeferredSave.addons.json	DEBUG	Starting timer
1489322215282	addons.manager	DEBUG	Starting provider: PreviousExperimentProvider
1489322215282	addons.manager	DEBUG	Registering shutdown blocker for PreviousExperimentProvider
1489322215282	addons.manager	DEBUG	Provider finished startup: PreviousExperimentProvider
1489322215285	DeferredSave.extensions.json	DEBUG	Write succeeded
1489322215285	addons.xpi-utils	DEBUG	XPI Database saved, setting schema version preference to 17
1489322215333	DeferredSave.addons.json	DEBUG	Starting write
1489322215489	DeferredSave.addons.json	DEBUG	Write succeeded
1489322237838	addons.manager	DEBUG	shutdown
1489322237838	addons.manager	DEBUG	Calling shutdown blocker for XPIProvider
1489322237838	addons.xpi	DEBUG	shutdown
1489322237839	addons.xpi-utils	DEBUG	shutdown
1489322237839	addons.manager	DEBUG	Calling shutdown blocker for LightweightThemeManager
1489322237839	addons.manager	DEBUG	Calling shutdown blocker for GMPProvider
1489322237840	addons.manager	DEBUG	Calling shutdown blocker for PluginProvider
1489322237840	addons.manager	DEBUG	Calling shutdown blocker for &lt;unnamed-provider&gt;
1489322237841	addons.manager	DEBUG	Calling shutdown blocker for PreviousExperimentProvider
1489322237843	addons.xpi	DEBUG	Notifying XPI shutdown observers
1489322237846	addons.manager	DEBUG	Async provider shutdown done

	at org.openqa.selenium.firefox.internal.NewProfileExtensionConnection.start(NewProfileExtensionConnection.java:120)
	... 40 more
... Removed 16 stack frames
</div> <!-- stack-trace -->
                  <em>
(Runs Cucumber Features)                  </em>
                </div> <!-- method-content -->
              </div> <!-- method -->
            </div> <!-- main-panel-content rounded-window-bottom -->
          </div> <!-- suite-Test_runner-class-failed -->
        </div> <!-- panel Test_runner -->
        <div panel-name="test-xml-Test_runner" class="panel">
          <div class="main-panel-header rounded-window-top">
            <span class="header-content">H:\Automation\jwebfwk\src\test\resources\testng\testng.xml</span>
          </div> <!-- main-panel-header rounded-window-top -->
          <div class="main-panel-content rounded-window-bottom">
            <pre>
&lt;?xml version=&quot;1.0&quot; encoding=&quot;UTF-8&quot;?&gt;
&lt;!DOCTYPE suite SYSTEM &quot;http://testng.org/testng-1.0.dtd&quot;&gt;
&lt;suite thread-count=&quot;2&quot; verbose=&quot;0&quot; name=&quot;Test runner&quot; parallel=&quot;classes&quot;&gt;
  &lt;test name=&quot;Package with subpackages&quot;&gt;
    &lt;packages&gt;
      &lt;package name=&quot;uk.co.automatictester.jwebfwk.runners.*&quot;/&gt;
    &lt;/packages&gt;
    &lt;classes&gt;
      &lt;class name=&quot;uk.co.automatictester.jwebfwk.runners.DownloadFeatureRunner&quot;/&gt;
      &lt;class name=&quot;uk.co.automatictester.jwebfwk.runners.DownloadFeatureRunner_Copy&quot;/&gt;
    &lt;/classes&gt;
  &lt;/test&gt; &lt;!-- Package with subpackages --&gt;
&lt;/suite&gt; &lt;!-- Test runner --&gt;
            </pre>
          </div> <!-- main-panel-content rounded-window-bottom -->
        </div> <!-- panel -->
        <div panel-name="testlist-Test_runner" class="panel">
          <div class="main-panel-header rounded-window-top">
            <span class="header-content">Tests for Test runner</span>
          </div> <!-- main-panel-header rounded-window-top -->
          <div class="main-panel-content rounded-window-bottom">
            <ul>
              <li>
                <span class="test-name">Package with subpackages (2 classes)</span>
              </li>
            </ul>
          </div> <!-- main-panel-content rounded-window-bottom -->
        </div> <!-- panel -->
        <div panel-name="group-Test_runner" class="panel">
          <div class="main-panel-header rounded-window-top">
            <span class="header-content">Groups for Test runner</span>
          </div> <!-- main-panel-header rounded-window-top -->
          <div class="main-panel-content rounded-window-bottom">
            <div class="test-group">
              <span class="test-group-name">cucumber</span>
              <br/>
              <div class="method-in-group">
                <span class="method-in-group-name">run_cukes</span>
                <br/>
              </div> <!-- method-in-group -->
            </div> <!-- test-group -->
          </div> <!-- main-panel-content rounded-window-bottom -->
        </div> <!-- panel -->
        <div panel-name="times-Test_runner" class="panel">
          <div class="main-panel-header rounded-window-top">
            <span class="header-content">Times for Test runner</span>
          </div> <!-- main-panel-header rounded-window-top -->
          <div class="main-panel-content rounded-window-bottom">
            <div class="times-div">
              <script type="text/javascript">
suiteTableInitFunctions.push('tableData_Test_runner');
function tableData_Test_runner() {
var data = new google.visualization.DataTable();
data.addColumn('number', 'Number');
data.addColumn('string', 'Method');
data.addColumn('string', 'Class');
data.addColumn('number', 'Time (ms)');
data.addRows(2);
data.setCell(0, 0, 0)
data.setCell(0, 1, 'run_cukes')
data.setCell(0, 2, 'uk.co.automatictester.jwebfwk.runners.DownloadFeatureRunner_Copy')
data.setCell(0, 3, 47576);
data.setCell(1, 0, 1)
data.setCell(1, 1, 'run_cukes')
data.setCell(1, 2, 'uk.co.automatictester.jwebfwk.runners.DownloadFeatureRunner')
data.setCell(1, 3, 46373);
window.suiteTableData['Test_runner']= { tableData: data, tableDiv: 'times-div-Test_runner'}
return data;
}
              </script>
              <span class="suite-total-time">Total running time: 1 minutes</span>
              <div id="times-div-Test_runner">
              </div> <!-- times-div-Test_runner -->
            </div> <!-- times-div -->
          </div> <!-- main-panel-content rounded-window-bottom -->
        </div> <!-- panel -->
        <div panel-name="reporter-Test_runner" class="panel">
          <div class="main-panel-header rounded-window-top">
            <span class="header-content">Reporter output for Test runner</span>
          </div> <!-- main-panel-header rounded-window-top -->
          <div class="main-panel-content rounded-window-bottom">
            <div class="reporter-method-div">
              <span class="reporter-method-name">run_cukes</span>
              <div class="reporter-method-output-div">
                <span class="reporter-method-output"><div "featureFile">Feature File: src&#x2F;test&#x2F;resources&#x2F;features&#x2F;Download_Copy.feature</div></span>
                <span class="reporter-method-output"><div "feature">Feature: Download section</div></span>
                <span class="reporter-method-output"><div "scenario">Scenario: Java binding download link check</div></span>
                <span class="reporter-method-output"><div "result">Given  I am on the Selenium homepage (skipped)</div></span>
                <span class="reporter-method-output"><div "result">When  I click &quot;Download&quot; tab (skipped)</div></span>
                <span class="reporter-method-output"><div "result">Then  I should see &quot;Java&quot; download link on Download page (skipped)</div></span>
                <span class="reporter-method-output"><div "result">And  I should see &quot;C#&quot; download link on Download page (skipped)</div></span>
                <span class="reporter-method-output"><div "result">And  I should see &quot;Ruby&quot; download link on Download page (skipped)</div></span>
                <span class="reporter-method-output"><div "result">And  I should see &quot;Python&quot; download link on Download page (skipped)</div></span>
                <span class="reporter-method-output"><div "result">And  I should see &quot;Javascript (Node)&quot; download link on Download page (skipped)</div></span>
              </div> <!-- reporter-method-output-div -->
            </div> <!-- reporter-method-div -->
            <div class="reporter-method-div">
              <span class="reporter-method-name">run_cukes</span>
              <div class="reporter-method-output-div">
                <span class="reporter-method-output"><div "featureFile">Feature File: src&#x2F;test&#x2F;resources&#x2F;features&#x2F;Download.feature</div></span>
                <span class="reporter-method-output"><div "feature">Feature: Download section</div></span>
                <span class="reporter-method-output"><div "scenario">Scenario: Java binding download link check</div></span>
                <span class="reporter-method-output"><div "result">Given  I am on the Selenium homepage (skipped)</div></span>
                <span class="reporter-method-output"><div "result">When  I click &quot;Download&quot; tab (skipped)</div></span>
                <span class="reporter-method-output"><div "result">Then  I should see &quot;Java&quot; download link on Download page (skipped)</div></span>
                <span class="reporter-method-output"><div "result">And  I should see &quot;C#&quot; download link on Download page (skipped)</div></span>
                <span class="reporter-method-output"><div "result">And  I should see &quot;Ruby&quot; download link on Download page (skipped)</div></span>
                <span class="reporter-method-output"><div "result">And  I should see &quot;Python&quot; download link on Download page (skipped)</div></span>
                <span class="reporter-method-output"><div "result">And  I should see &quot;Javascript (Node)&quot; download link on Download page (skipped)</div></span>
              </div> <!-- reporter-method-output-div -->
            </div> <!-- reporter-method-div -->
          </div> <!-- main-panel-content rounded-window-bottom -->
        </div> <!-- panel -->
        <div panel-name="ignored-methods-Test_runner" class="panel">
          <div class="main-panel-header rounded-window-top">
            <span class="header-content">0 ignored methods</span>
          </div> <!-- main-panel-header rounded-window-top -->
          <div class="main-panel-content rounded-window-bottom">
          </div> <!-- main-panel-content rounded-window-bottom -->
        </div> <!-- panel -->
        <div panel-name="chronological-Test_runner" class="panel">
          <div class="main-panel-header rounded-window-top">
            <span class="header-content">Methods in chronological order</span>
          </div> <!-- main-panel-header rounded-window-top -->
          <div class="main-panel-content rounded-window-bottom">
            <div class="chronological-class">
              <div class="chronological-class-name">uk.co.automatictester.jwebfwk.runners.DownloadFeatureRunner</div> <!-- chronological-class-name -->
              <div class="test-method">
                <img src="failed.png">
                </img>
                <span class="method-name">run_cukes</span>
                <span class="method-start">0 ms</span>
              </div> <!-- test-method -->
            </div> <!-- chronological-class -->
            <div class="chronological-class">
              <div class="chronological-class-name">uk.co.automatictester.jwebfwk.runners.DownloadFeatureRunner_Copy</div> <!-- chronological-class-name -->
              <div class="test-method">
                <img src="failed.png">
                </img>
                <span class="method-name">run_cukes</span>
                <span class="method-start">0 ms</span>
              </div> <!-- test-method -->
          </div> <!-- main-panel-content rounded-window-bottom -->
        </div> <!-- panel -->
      </div> <!-- main-panel-root -->
    </div> <!-- wrapper -->
  </body>
</html>
