-------------------------------------------------------------------------------
Test set: TestSuite
-------------------------------------------------------------------------------
Tests run: 2, Failures: 2, Errors: 0, Skipped: 0, Time elapsed: 47.951 sec <<< FAILURE! - in TestSuite
run_cukes(uk.co.automatictester.jwebfwk.runners.DownloadFeatureRunner)  Time elapsed: 46.763 sec  <<< FAILURE!
cucumber.runtime.CucumberException: org.openqa.selenium.WebDriverException: Unable to bind to locking port 7054 within 45000 ms
Build info: version: '2.46.0', revision: '61506a4624b13675f24581e453592342b7485d71', time: '2015-06-04 10:22:50'
System info: host: 'Alex-PC', ip: '192.168.1.106', os.name: 'Windows 10', os.arch: 'amd64', os.version: '10.0', java.version: '1.8.0_121'
Driver info: driver.version: FirefoxDriver
	at cucumber.api.testng.TestNGCucumberRunner.runCukes(TestNGCucumberRunner.java:48)
	at cucumber.api.testng.AbstractTestNGCucumberTests.run_cukes(AbstractTestNGCucumberTests.java:14)
	at sun.reflect.NativeMethodAccessorImpl.invoke0(Native Method)
	at sun.reflect.NativeMethodAccessorImpl.invoke(NativeMethodAccessorImpl.java:62)
	at sun.reflect.DelegatingMethodAccessorImpl.invoke(DelegatingMethodAccessorImpl.java:43)
	at java.lang.reflect.Method.invoke(Method.java:498)
	at org.testng.internal.MethodInvocationHelper.invokeMethod(MethodInvocationHelper.java:85)
	at org.testng.internal.MethodInvocationHelper$1.runTestMethod(MethodInvocationHelper.java:200)
	at cucumber.api.testng.AbstractTestNGCucumberTests.run(AbstractTestNGCucumberTests.java:19)
	at org.testng.internal.MethodInvocationHelper.invokeHookable(MethodInvocationHelper.java:212)
	at org.testng.internal.Invoker.invokeMethod(Invoker.java:689)
	at org.testng.internal.Invoker.invokeTestMethod(Invoker.java:882)
	at org.testng.internal.Invoker.invokeTestMethods(Invoker.java:1189)
	at org.testng.internal.TestMethodWorker.invokeTestMethods(TestMethodWorker.java:124)
	at org.testng.internal.TestMethodWorker.run(TestMethodWorker.java:108)
	at java.util.concurrent.ThreadPoolExecutor.runWorker(ThreadPoolExecutor.java:1142)
	at java.util.concurrent.ThreadPoolExecutor$Worker.run(ThreadPoolExecutor.java:617)
	at java.lang.Thread.run(Thread.java:745)
Caused by: org.openqa.selenium.WebDriverException: Unable to bind to locking port 7054 within 45000 ms
Build info: version: '2.46.0', revision: '61506a4624b13675f24581e453592342b7485d71', time: '2015-06-04 10:22:50'
System info: host: 'Alex-PC', ip: '192.168.1.106', os.name: 'Windows 10', os.arch: 'amd64', os.version: '10.0', java.version: '1.8.0_121'
Driver info: driver.version: FirefoxDriver
	at org.openqa.selenium.internal.SocketLock.lock(SocketLock.java:99)
	at org.openqa.selenium.firefox.internal.NewProfileExtensionConnection.start(NewProfileExtensionConnection.java:88)
	at org.openqa.selenium.firefox.FirefoxDriver.startClient(FirefoxDriver.java:275)
	at org.openqa.selenium.remote.RemoteWebDriver.<init>(RemoteWebDriver.java:116)
	at org.openqa.selenium.firefox.FirefoxDriver.<init>(FirefoxDriver.java:220)
	at org.openqa.selenium.firefox.FirefoxDriver.<init>(FirefoxDriver.java:215)
	at org.openqa.selenium.firefox.FirefoxDriver.<init>(FirefoxDriver.java:211)
	at org.openqa.selenium.firefox.FirefoxDriver.<init>(FirefoxDriver.java:124)
	at uk.co.automatictester.jwebfwk.framework.ParentScenario.startBrowser(ParentScenario.java:22)
	at uk.co.automatictester.jwebfwk.glue.StepDefinitions.beforeScenario(StepDefinitions.java:20)
	at sun.reflect.NativeMethodAccessorImpl.invoke0(Native Method)
	at sun.reflect.NativeMethodAccessorImpl.invoke(NativeMethodAccessorImpl.java:62)
	at sun.reflect.DelegatingMethodAccessorImpl.invoke(DelegatingMethodAccessorImpl.java:43)
	at java.lang.reflect.Method.invoke(Method.java:498)
	at cucumber.runtime.Utils$1.call(Utils.java:37)
	at cucumber.runtime.Timeout.timeout(Timeout.java:13)
	at cucumber.runtime.Utils.invoke(Utils.java:31)
	at cucumber.runtime.java.JavaHookDefinition.execute(JavaHookDefinition.java:59)
	at cucumber.runtime.Runtime.runHookIfTagsMatch(Runtime.java:222)
	at cucumber.runtime.Runtime.runHooks(Runtime.java:210)
	at cucumber.runtime.Runtime.runBeforeHooks(Runtime.java:200)
	at cucumber.runtime.model.CucumberScenario.run(CucumberScenario.java:44)
	at cucumber.runtime.model.CucumberFeature.run(CucumberFeature.java:163)
	at cucumber.runtime.Runtime.run(Runtime.java:120)
	at cucumber.api.testng.TestNGCucumberRunner.runCukes(TestNGCucumberRunner.java:43)
	at cucumber.api.testng.AbstractTestNGCucumberTests.run_cukes(AbstractTestNGCucumberTests.java:14)
	at sun.reflect.NativeMethodAccessorImpl.invoke0(Native Method)
	at sun.reflect.NativeMethodAccessorImpl.invoke(NativeMethodAccessorImpl.java:62)
	at sun.reflect.DelegatingMethodAccessorImpl.invoke(DelegatingMethodAccessorImpl.java:43)
	at java.lang.reflect.Method.invoke(Method.java:498)
	at org.testng.internal.MethodInvocationHelper.invokeMethod(MethodInvocationHelper.java:85)
	at org.testng.internal.MethodInvocationHelper$1.runTestMethod(MethodInvocationHelper.java:200)
	at cucumber.api.testng.AbstractTestNGCucumberTests.run(AbstractTestNGCucumberTests.java:19)
	at org.testng.internal.MethodInvocationHelper.invokeHookable(MethodInvocationHelper.java:212)
	at org.testng.internal.Invoker.invokeMethod(Invoker.java:689)
	at org.testng.internal.Invoker.invokeTestMethod(Invoker.java:882)
	at org.testng.internal.Invoker.invokeTestMethods(Invoker.java:1189)
	at org.testng.internal.TestMethodWorker.invokeTestMethods(TestMethodWorker.java:124)
	at org.testng.internal.TestMethodWorker.run(TestMethodWorker.java:108)
	at java.util.concurrent.ThreadPoolExecutor.runWorker(ThreadPoolExecutor.java:1142)
	at java.util.concurrent.ThreadPoolExecutor$Worker.run(ThreadPoolExecutor.java:617)
	at java.lang.Thread.run(Thread.java:745)

run_cukes(uk.co.automatictester.jwebfwk.runners.DownloadFeatureRunner_Copy)  Time elapsed: 47.647 sec  <<< FAILURE!
cucumber.runtime.CucumberException: org.openqa.selenium.WebDriverException: Failed to connect to binary FirefoxBinary(C:\Program Files\Mozilla Firefox\firefox.exe) on port 7055; process output follows: 
doTlsWbc5g65","location":"app-global","version":"44.0","type":"theme","internalName":"classic/1.0","updateURL":null,"updateKey":null,"optionsURL":null,"optionsType":null,"aboutURL":null,"icons":{"32":"icon.png","48":"icon.png"},"iconURL":null,"icon64URL":null,"defaultLocale":{"name":"Default","description":"The default theme.","creator":"Mozilla","homepageURL":null,"contributors":["Mozilla Contributors"]},"visible":true,"active":true,"userDisabled":false,"appDisabled":false,"descriptor":"C:\\Program Files\\Mozilla Firefox\\browser\\extensions\\{972ce4c6-7e08-4474-a285-3208198ce6fd}","installDate":1482203161597,"updateDate":1482203161597,"applyBackgroundUpdates":1,"skinnable":true,"size":24166,"sourceURI":null,"releaseNotesURI":null,"softDisabled":false,"foreignInstall":false,"hasBinaryComponents":false,"strictCompatibility":true,"locales":[],"targetApplications":[{"id":"{ec8030f7-c20a-464f-9b0e-13a3a9e97384}","minVersion":"44.0","maxVersion":"44.0"}],"targetPlatforms":[]}
1489322081335	addons.xpi	DEBUG	getModTime: Recursive scan of {972ce4c6-7e08-4474-a285-3208198ce6fd}
1489322081336	DeferredSave.extensions.json	DEBUG	Save changes
1489322081336	addons.xpi	DEBUG	Updating database with changes to installed add-ons
1489322081336	addons.xpi-utils	DEBUG	Updating add-on states
1489322081336	addons.xpi-utils	DEBUG	Writing add-ons list
1489322081345	addons.manager	DEBUG	Registering shutdown blocker for XPIProvider
1489322081346	addons.manager	DEBUG	Provider finished startup: XPIProvider
1489322081346	addons.manager	DEBUG	Starting provider: LightweightThemeManager
1489322081346	addons.manager	DEBUG	Registering shutdown blocker for LightweightThemeManager
1489322081346	addons.manager	DEBUG	Provider finished startup: LightweightThemeManager
1489322081346	addons.manager	DEBUG	Starting provider: GMPProvider
1489322081351	addons.manager	DEBUG	Registering shutdown blocker for GMPProvider
1489322081351	addons.manager	DEBUG	Provider finished startup: GMPProvider
1489322081351	addons.manager	DEBUG	Starting provider: PluginProvider
1489322081352	addons.manager	DEBUG	Registering shutdown blocker for PluginProvider
1489322081352	addons.manager	DEBUG	Provider finished startup: PluginProvider
1489322081352	addons.manager	DEBUG	Completed startup sequence
1489322081566	addons.manager	DEBUG	Starting provider: <unnamed-provider>
1489322081566	addons.manager	DEBUG	Registering shutdown blocker for <unnamed-provider>
1489322081567	addons.manager	DEBUG	Provider finished startup: <unnamed-provider>
1489322081657	DeferredSave.extensions.json	DEBUG	Starting write
1489322081867	addons.repository	DEBUG	No addons.json found.
1489322081868	DeferredSave.addons.json	DEBUG	Save changes
1489322081869	DeferredSave.addons.json	DEBUG	Starting timer
1489322081880	addons.manager	DEBUG	Starting provider: PreviousExperimentProvider
1489322081880	addons.manager	DEBUG	Registering shutdown blocker for PreviousExperimentProvider
1489322081880	addons.manager	DEBUG	Provider finished startup: PreviousExperimentProvider
1489322081883	DeferredSave.extensions.json	DEBUG	Write succeeded
1489322081883	addons.xpi-utils	DEBUG	XPI Database saved, setting schema version preference to 17
1489322082044	DeferredSave.addons.json	DEBUG	Starting write
1489322082378	DeferredSave.addons.json	DEBUG	Write succeeded
1489322123669	addons.manager	DEBUG	shutdown
1489322123670	addons.manager	DEBUG	Calling shutdown blocker for XPIProvider
1489322123670	addons.xpi	DEBUG	shutdown
1489322123670	addons.xpi-utils	DEBUG	shutdown
1489322123670	addons.manager	DEBUG	Calling shutdown blocker for LightweightThemeManager
1489322123671	addons.manager	DEBUG	Calling shutdown blocker for GMPProvider
1489322123672	addons.manager	DEBUG	Calling shutdown blocker for PluginProvider
1489322123672	addons.manager	DEBUG	Calling shutdown blocker for <unnamed-provider>
1489322123673	addons.manager	DEBUG	Calling shutdown blocker for PreviousExperimentProvider
1489322123675	addons.xpi	DEBUG	Notifying XPI shutdown observers
1489322123678	addons.manager	DEBUG	Async provider shutdown done

Build info: version: '2.46.0', revision: '61506a4624b13675f24581e453592342b7485d71', time: '2015-06-04 10:22:50'
System info: host: 'Alex-PC', ip: '192.168.1.106', os.name: 'Windows 10', os.arch: 'amd64', os.version: '10.0', java.version: '1.8.0_121'
Driver info: driver.version: FirefoxDriver
	at cucumber.api.testng.TestNGCucumberRunner.runCukes(TestNGCucumberRunner.java:48)
	at cucumber.api.testng.AbstractTestNGCucumberTests.run_cukes(AbstractTestNGCucumberTests.java:14)
	at sun.reflect.NativeMethodAccessorImpl.invoke0(Native Method)
	at sun.reflect.NativeMethodAccessorImpl.invoke(NativeMethodAccessorImpl.java:62)
	at sun.reflect.DelegatingMethodAccessorImpl.invoke(DelegatingMethodAccessorImpl.java:43)
	at java.lang.reflect.Method.invoke(Method.java:498)
	at org.testng.internal.MethodInvocationHelper.invokeMethod(MethodInvocationHelper.java:85)
	at org.testng.internal.MethodInvocationHelper$1.runTestMethod(MethodInvocationHelper.java:200)
	at cucumber.api.testng.AbstractTestNGCucumberTests.run(AbstractTestNGCucumberTests.java:19)
	at org.testng.internal.MethodInvocationHelper.invokeHookable(MethodInvocationHelper.java:212)
	at org.testng.internal.Invoker.invokeMethod(Invoker.java:689)
	at org.testng.internal.Invoker.invokeTestMethod(Invoker.java:882)
	at org.testng.internal.Invoker.invokeTestMethods(Invoker.java:1189)
	at org.testng.internal.TestMethodWorker.invokeTestMethods(TestMethodWorker.java:124)
	at org.testng.internal.TestMethodWorker.run(TestMethodWorker.java:108)
	at java.util.concurrent.ThreadPoolExecutor.runWorker(ThreadPoolExecutor.java:1142)
	at java.util.concurrent.ThreadPoolExecutor$Worker.run(ThreadPoolExecutor.java:617)
	at java.lang.Thread.run(Thread.java:745)
Caused by: org.openqa.selenium.WebDriverException: Failed to connect to binary FirefoxBinary(C:\Program Files\Mozilla Firefox\firefox.exe) on port 7055; process output follows: 
doTlsWbc5g65","location":"app-global","version":"44.0","type":"theme","internalName":"classic/1.0","updateURL":null,"updateKey":null,"optionsURL":null,"optionsType":null,"aboutURL":null,"icons":{"32":"icon.png","48":"icon.png"},"iconURL":null,"icon64URL":null,"defaultLocale":{"name":"Default","description":"The default theme.","creator":"Mozilla","homepageURL":null,"contributors":["Mozilla Contributors"]},"visible":true,"active":true,"userDisabled":false,"appDisabled":false,"descriptor":"C:\\Program Files\\Mozilla Firefox\\browser\\extensions\\{972ce4c6-7e08-4474-a285-3208198ce6fd}","installDate":1482203161597,"updateDate":1482203161597,"applyBackgroundUpdates":1,"skinnable":true,"size":24166,"sourceURI":null,"releaseNotesURI":null,"softDisabled":false,"foreignInstall":false,"hasBinaryComponents":false,"strictCompatibility":true,"locales":[],"targetApplications":[{"id":"{ec8030f7-c20a-464f-9b0e-13a3a9e97384}","minVersion":"44.0","maxVersion":"44.0"}],"targetPlatforms":[]}
1489322081335	addons.xpi	DEBUG	getModTime: Recursive scan of {972ce4c6-7e08-4474-a285-3208198ce6fd}
1489322081336	DeferredSave.extensions.json	DEBUG	Save changes
1489322081336	addons.xpi	DEBUG	Updating database with changes to installed add-ons
1489322081336	addons.xpi-utils	DEBUG	Updating add-on states
1489322081336	addons.xpi-utils	DEBUG	Writing add-ons list
1489322081345	addons.manager	DEBUG	Registering shutdown blocker for XPIProvider
1489322081346	addons.manager	DEBUG	Provider finished startup: XPIProvider
1489322081346	addons.manager	DEBUG	Starting provider: LightweightThemeManager
1489322081346	addons.manager	DEBUG	Registering shutdown blocker for LightweightThemeManager
1489322081346	addons.manager	DEBUG	Provider finished startup: LightweightThemeManager
1489322081346	addons.manager	DEBUG	Starting provider: GMPProvider
1489322081351	addons.manager	DEBUG	Registering shutdown blocker for GMPProvider
1489322081351	addons.manager	DEBUG	Provider finished startup: GMPProvider
1489322081351	addons.manager	DEBUG	Starting provider: PluginProvider
1489322081352	addons.manager	DEBUG	Registering shutdown blocker for PluginProvider
1489322081352	addons.manager	DEBUG	Provider finished startup: PluginProvider
1489322081352	addons.manager	DEBUG	Completed startup sequence
1489322081566	addons.manager	DEBUG	Starting provider: <unnamed-provider>
1489322081566	addons.manager	DEBUG	Registering shutdown blocker for <unnamed-provider>
1489322081567	addons.manager	DEBUG	Provider finished startup: <unnamed-provider>
1489322081657	DeferredSave.extensions.json	DEBUG	Starting write
1489322081867	addons.repository	DEBUG	No addons.json found.
1489322081868	DeferredSave.addons.json	DEBUG	Save changes
1489322081869	DeferredSave.addons.json	DEBUG	Starting timer
1489322081880	addons.manager	DEBUG	Starting provider: PreviousExperimentProvider
1489322081880	addons.manager	DEBUG	Registering shutdown blocker for PreviousExperimentProvider
1489322081880	addons.manager	DEBUG	Provider finished startup: PreviousExperimentProvider
1489322081883	DeferredSave.extensions.json	DEBUG	Write succeeded
1489322081883	addons.xpi-utils	DEBUG	XPI Database saved, setting schema version preference to 17
1489322082044	DeferredSave.addons.json	DEBUG	Starting write
1489322082378	DeferredSave.addons.json	DEBUG	Write succeeded
1489322123669	addons.manager	DEBUG	shutdown
1489322123670	addons.manager	DEBUG	Calling shutdown blocker for XPIProvider
1489322123670	addons.xpi	DEBUG	shutdown
1489322123670	addons.xpi-utils	DEBUG	shutdown
1489322123670	addons.manager	DEBUG	Calling shutdown blocker for LightweightThemeManager
1489322123671	addons.manager	DEBUG	Calling shutdown blocker for GMPProvider
1489322123672	addons.manager	DEBUG	Calling shutdown blocker for PluginProvider
1489322123672	addons.manager	DEBUG	Calling shutdown blocker for <unnamed-provider>
1489322123673	addons.manager	DEBUG	Calling shutdown blocker for PreviousExperimentProvider
1489322123675	addons.xpi	DEBUG	Notifying XPI shutdown observers
1489322123678	addons.manager	DEBUG	Async provider shutdown done

Build info: version: '2.46.0', revision: '61506a4624b13675f24581e453592342b7485d71', time: '2015-06-04 10:22:50'
System info: host: 'Alex-PC', ip: '192.168.1.106', os.name: 'Windows 10', os.arch: 'amd64', os.version: '10.0', java.version: '1.8.0_121'
Driver info: driver.version: FirefoxDriver
	at org.openqa.selenium.firefox.internal.NewProfileExtensionConnection.start(NewProfileExtensionConnection.java:132)
	at org.openqa.selenium.firefox.FirefoxDriver.startClient(FirefoxDriver.java:275)
	at org.openqa.selenium.remote.RemoteWebDriver.<init>(RemoteWebDriver.java:116)
	at org.openqa.selenium.firefox.FirefoxDriver.<init>(FirefoxDriver.java:220)
	at org.openqa.selenium.firefox.FirefoxDriver.<init>(FirefoxDriver.java:215)
	at org.openqa.selenium.firefox.FirefoxDriver.<init>(FirefoxDriver.java:211)
	at org.openqa.selenium.firefox.FirefoxDriver.<init>(FirefoxDriver.java:124)
	at uk.co.automatictester.jwebfwk.framework.ParentScenario.startBrowser(ParentScenario.java:22)
	at uk.co.automatictester.jwebfwk.glue.StepDefinitions.beforeScenario(StepDefinitions.java:20)
	at sun.reflect.NativeMethodAccessorImpl.invoke0(Native Method)
	at sun.reflect.NativeMethodAccessorImpl.invoke(NativeMethodAccessorImpl.java:62)
	at sun.reflect.DelegatingMethodAccessorImpl.invoke(DelegatingMethodAccessorImpl.java:43)
	at java.lang.reflect.Method.invoke(Method.java:498)
	at cucumber.runtime.Utils$1.call(Utils.java:37)
	at cucumber.runtime.Timeout.timeout(Timeout.java:13)
	at cucumber.runtime.Utils.invoke(Utils.java:31)
	at cucumber.runtime.java.JavaHookDefinition.execute(JavaHookDefinition.java:59)
	at cucumber.runtime.Runtime.runHookIfTagsMatch(Runtime.java:222)
	at cucumber.runtime.Runtime.runHooks(Runtime.java:210)
	at cucumber.runtime.Runtime.runBeforeHooks(Runtime.java:200)
	at cucumber.runtime.model.CucumberScenario.run(CucumberScenario.java:44)
	at cucumber.runtime.model.CucumberFeature.run(CucumberFeature.java:163)
	at cucumber.runtime.Runtime.run(Runtime.java:120)
	at cucumber.api.testng.TestNGCucumberRunner.runCukes(TestNGCucumberRunner.java:43)
	at cucumber.api.testng.AbstractTestNGCucumberTests.run_cukes(AbstractTestNGCucumberTests.java:14)
	at sun.reflect.NativeMethodAccessorImpl.invoke0(Native Method)
	at sun.reflect.NativeMethodAccessorImpl.invoke(NativeMethodAccessorImpl.java:62)
	at sun.reflect.DelegatingMethodAccessorImpl.invoke(DelegatingMethodAccessorImpl.java:43)
	at java.lang.reflect.Method.invoke(Method.java:498)
	at org.testng.internal.MethodInvocationHelper.invokeMethod(MethodInvocationHelper.java:85)
	at org.testng.internal.MethodInvocationHelper$1.runTestMethod(MethodInvocationHelper.java:200)
	at cucumber.api.testng.AbstractTestNGCucumberTests.run(AbstractTestNGCucumberTests.java:19)
	at org.testng.internal.MethodInvocationHelper.invokeHookable(MethodInvocationHelper.java:212)
	at org.testng.internal.Invoker.invokeMethod(Invoker.java:689)
	at org.testng.internal.Invoker.invokeTestMethod(Invoker.java:882)
	at org.testng.internal.Invoker.invokeTestMethods(Invoker.java:1189)
	at org.testng.internal.TestMethodWorker.invokeTestMethods(TestMethodWorker.java:124)
	at org.testng.internal.TestMethodWorker.run(TestMethodWorker.java:108)
	at java.util.concurrent.ThreadPoolExecutor.runWorker(ThreadPoolExecutor.java:1142)
	at java.util.concurrent.ThreadPoolExecutor$Worker.run(ThreadPoolExecutor.java:617)
	at java.lang.Thread.run(Thread.java:745)
Caused by: org.openqa.selenium.firefox.NotConnectedException: Unable to connect to host 127.0.0.1 on port 7055 after 45000 ms. Firefox console output:
doTlsWbc5g65","location":"app-global","version":"44.0","type":"theme","internalName":"classic/1.0","updateURL":null,"updateKey":null,"optionsURL":null,"optionsType":null,"aboutURL":null,"icons":{"32":"icon.png","48":"icon.png"},"iconURL":null,"icon64URL":null,"defaultLocale":{"name":"Default","description":"The default theme.","creator":"Mozilla","homepageURL":null,"contributors":["Mozilla Contributors"]},"visible":true,"active":true,"userDisabled":false,"appDisabled":false,"descriptor":"C:\\Program Files\\Mozilla Firefox\\browser\\extensions\\{972ce4c6-7e08-4474-a285-3208198ce6fd}","installDate":1482203161597,"updateDate":1482203161597,"applyBackgroundUpdates":1,"skinnable":true,"size":24166,"sourceURI":null,"releaseNotesURI":null,"softDisabled":false,"foreignInstall":false,"hasBinaryComponents":false,"strictCompatibility":true,"locales":[],"targetApplications":[{"id":"{ec8030f7-c20a-464f-9b0e-13a3a9e97384}","minVersion":"44.0","maxVersion":"44.0"}],"targetPlatforms":[]}
1489322081335	addons.xpi	DEBUG	getModTime: Recursive scan of {972ce4c6-7e08-4474-a285-3208198ce6fd}
1489322081336	DeferredSave.extensions.json	DEBUG	Save changes
1489322081336	addons.xpi	DEBUG	Updating database with changes to installed add-ons
1489322081336	addons.xpi-utils	DEBUG	Updating add-on states
1489322081336	addons.xpi-utils	DEBUG	Writing add-ons list
1489322081345	addons.manager	DEBUG	Registering shutdown blocker for XPIProvider
1489322081346	addons.manager	DEBUG	Provider finished startup: XPIProvider
1489322081346	addons.manager	DEBUG	Starting provider: LightweightThemeManager
1489322081346	addons.manager	DEBUG	Registering shutdown blocker for LightweightThemeManager
1489322081346	addons.manager	DEBUG	Provider finished startup: LightweightThemeManager
1489322081346	addons.manager	DEBUG	Starting provider: GMPProvider
1489322081351	addons.manager	DEBUG	Registering shutdown blocker for GMPProvider
1489322081351	addons.manager	DEBUG	Provider finished startup: GMPProvider
1489322081351	addons.manager	DEBUG	Starting provider: PluginProvider
1489322081352	addons.manager	DEBUG	Registering shutdown blocker for PluginProvider
1489322081352	addons.manager	DEBUG	Provider finished startup: PluginProvider
1489322081352	addons.manager	DEBUG	Completed startup sequence
1489322081566	addons.manager	DEBUG	Starting provider: <unnamed-provider>
1489322081566	addons.manager	DEBUG	Registering shutdown blocker for <unnamed-provider>
1489322081567	addons.manager	DEBUG	Provider finished startup: <unnamed-provider>
1489322081657	DeferredSave.extensions.json	DEBUG	Starting write
1489322081867	addons.repository	DEBUG	No addons.json found.
1489322081868	DeferredSave.addons.json	DEBUG	Save changes
1489322081869	DeferredSave.addons.json	DEBUG	Starting timer
1489322081880	addons.manager	DEBUG	Starting provider: PreviousExperimentProvider
1489322081880	addons.manager	DEBUG	Registering shutdown blocker for PreviousExperimentProvider
1489322081880	addons.manager	DEBUG	Provider finished startup: PreviousExperimentProvider
1489322081883	DeferredSave.extensions.json	DEBUG	Write succeeded
1489322081883	addons.xpi-utils	DEBUG	XPI Database saved, setting schema version preference to 17
1489322082044	DeferredSave.addons.json	DEBUG	Starting write
1489322082378	DeferredSave.addons.json	DEBUG	Write succeeded
1489322123669	addons.manager	DEBUG	shutdown
1489322123670	addons.manager	DEBUG	Calling shutdown blocker for XPIProvider
1489322123670	addons.xpi	DEBUG	shutdown
1489322123670	addons.xpi-utils	DEBUG	shutdown
1489322123670	addons.manager	DEBUG	Calling shutdown blocker for LightweightThemeManager
1489322123671	addons.manager	DEBUG	Calling shutdown blocker for GMPProvider
1489322123672	addons.manager	DEBUG	Calling shutdown blocker for PluginProvider
1489322123672	addons.manager	DEBUG	Calling shutdown blocker for <unnamed-provider>
1489322123673	addons.manager	DEBUG	Calling shutdown blocker for PreviousExperimentProvider
1489322123675	addons.xpi	DEBUG	Notifying XPI shutdown observers
1489322123678	addons.manager	DEBUG	Async provider shutdown done

	at org.openqa.selenium.firefox.internal.NewProfileExtensionConnection.start(NewProfileExtensionConnection.java:120)
	at org.openqa.selenium.firefox.FirefoxDriver.startClient(FirefoxDriver.java:275)
	at org.openqa.selenium.remote.RemoteWebDriver.<init>(RemoteWebDriver.java:116)
	at org.openqa.selenium.firefox.FirefoxDriver.<init>(FirefoxDriver.java:220)
	at org.openqa.selenium.firefox.FirefoxDriver.<init>(FirefoxDriver.java:215)
	at org.openqa.selenium.firefox.FirefoxDriver.<init>(FirefoxDriver.java:211)
	at org.openqa.selenium.firefox.FirefoxDriver.<init>(FirefoxDriver.java:124)
	at uk.co.automatictester.jwebfwk.framework.ParentScenario.startBrowser(ParentScenario.java:22)
	at uk.co.automatictester.jwebfwk.glue.StepDefinitions.beforeScenario(StepDefinitions.java:20)
	at sun.reflect.NativeMethodAccessorImpl.invoke0(Native Method)
	at sun.reflect.NativeMethodAccessorImpl.invoke(NativeMethodAccessorImpl.java:62)
	at sun.reflect.DelegatingMethodAccessorImpl.invoke(DelegatingMethodAccessorImpl.java:43)
	at java.lang.reflect.Method.invoke(Method.java:498)
	at cucumber.runtime.Utils$1.call(Utils.java:37)
	at cucumber.runtime.Timeout.timeout(Timeout.java:13)
	at cucumber.runtime.Utils.invoke(Utils.java:31)
	at cucumber.runtime.java.JavaHookDefinition.execute(JavaHookDefinition.java:59)
	at cucumber.runtime.Runtime.runHookIfTagsMatch(Runtime.java:222)
	at cucumber.runtime.Runtime.runHooks(Runtime.java:210)
	at cucumber.runtime.Runtime.runBeforeHooks(Runtime.java:200)
	at cucumber.runtime.model.CucumberScenario.run(CucumberScenario.java:44)
	at cucumber.runtime.model.CucumberFeature.run(CucumberFeature.java:163)
	at cucumber.runtime.Runtime.run(Runtime.java:120)
	at cucumber.api.testng.TestNGCucumberRunner.runCukes(TestNGCucumberRunner.java:43)
	at cucumber.api.testng.AbstractTestNGCucumberTests.run_cukes(AbstractTestNGCucumberTests.java:14)
	at sun.reflect.NativeMethodAccessorImpl.invoke0(Native Method)
	at sun.reflect.NativeMethodAccessorImpl.invoke(NativeMethodAccessorImpl.java:62)
	at sun.reflect.DelegatingMethodAccessorImpl.invoke(DelegatingMethodAccessorImpl.java:43)
	at java.lang.reflect.Method.invoke(Method.java:498)
	at org.testng.internal.MethodInvocationHelper.invokeMethod(MethodInvocationHelper.java:85)
	at org.testng.internal.MethodInvocationHelper$1.runTestMethod(MethodInvocationHelper.java:200)
	at cucumber.api.testng.AbstractTestNGCucumberTests.run(AbstractTestNGCucumberTests.java:19)
	at org.testng.internal.MethodInvocationHelper.invokeHookable(MethodInvocationHelper.java:212)
	at org.testng.internal.Invoker.invokeMethod(Invoker.java:689)
	at org.testng.internal.Invoker.invokeTestMethod(Invoker.java:882)
	at org.testng.internal.Invoker.invokeTestMethods(Invoker.java:1189)
	at org.testng.internal.TestMethodWorker.invokeTestMethods(TestMethodWorker.java:124)
	at org.testng.internal.TestMethodWorker.run(TestMethodWorker.java:108)
	at java.util.concurrent.ThreadPoolExecutor.runWorker(ThreadPoolExecutor.java:1142)
	at java.util.concurrent.ThreadPoolExecutor$Worker.run(ThreadPoolExecutor.java:617)
	at java.lang.Thread.run(Thread.java:745)

