<?xml version="1.0" encoding="UTF-8"?>
<testng-results skipped="0" failed="2" total="2" passed="0">
  <reporter-output>
    <line>
      <![CDATA[<div "featureFile">Feature File: src&#x2F;test&#x2F;resources&#x2F;features&#x2F;Download_Copy.feature</div>]]>
    </line>
    <line>
      <![CDATA[<div "featureFile">Feature File: src&#x2F;test&#x2F;resources&#x2F;features&#x2F;Download.feature</div>]]>
    </line>
    <line>
      <![CDATA[<div "feature">Feature: Download section</div>]]>
    </line>
    <line>
      <![CDATA[<div "feature">Feature: Download section</div>]]>
    </line>
    <line>
      <![CDATA[<div "scenario">Scenario: Java binding download link check</div>]]>
    </line>
    <line>
      <![CDATA[<div "result">Given  I am on the Selenium homepage (skipped)</div>]]>
    </line>
    <line>
      <![CDATA[<div "result">When  I click &quot;Download&quot; tab (skipped)</div>]]>
    </line>
    <line>
      <![CDATA[<div "result">Then  I should see &quot;Java&quot; download link on Download page (skipped)</div>]]>
    </line>
    <line>
      <![CDATA[<div "result">And  I should see &quot;C#&quot; download link on Download page (skipped)</div>]]>
    </line>
    <line>
      <![CDATA[<div "result">And  I should see &quot;Ruby&quot; download link on Download page (skipped)</div>]]>
    </line>
    <line>
      <![CDATA[<div "result">And  I should see &quot;Python&quot; download link on Download page (skipped)</div>]]>
    </line>
    <line>
      <![CDATA[<div "result">And  I should see &quot;Javascript (Node)&quot; download link on Download page (skipped)</div>]]>
    </line>
    <line>
      <![CDATA[<div "scenario">Scenario: Java binding download link check</div>]]>
    </line>
    <line>
      <![CDATA[<div "result">Given  I am on the Selenium homepage (skipped)</div>]]>
    </line>
    <line>
      <![CDATA[<div "result">When  I click &quot;Download&quot; tab (skipped)</div>]]>
    </line>
    <line>
      <![CDATA[<div "result">Then  I should see &quot;Java&quot; download link on Download page (skipped)</div>]]>
    </line>
    <line>
      <![CDATA[<div "result">And  I should see &quot;C#&quot; download link on Download page (skipped)</div>]]>
    </line>
    <line>
      <![CDATA[<div "result">And  I should see &quot;Ruby&quot; download link on Download page (skipped)</div>]]>
    </line>
    <line>
      <![CDATA[<div "result">And  I should see &quot;Python&quot; download link on Download page (skipped)</div>]]>
    </line>
    <line>
      <![CDATA[<div "result">And  I should see &quot;Javascript (Node)&quot; download link on Download page (skipped)</div>]]>
    </line>
  </reporter-output>
  <suite name="Test runner" duration-ms="47601" started-at="2017-03-12T12:36:52Z" finished-at="2017-03-12T12:37:40Z">
    <groups>
      <group name="cucumber">
        <method signature="AbstractTestNGCucumberTests.run_cukes()[pri:0, instance:uk.co.automatictester.jwebfwk.runners.DownloadFeatureRunner@6442b0a6]" name="run_cukes" class="cucumber.api.testng.AbstractTestNGCucumberTests"/>
        <method signature="AbstractTestNGCucumberTests.run_cukes()[pri:0, instance:uk.co.automatictester.jwebfwk.runners.DownloadFeatureRunner_Copy@380fb434]" name="run_cukes" class="cucumber.api.testng.AbstractTestNGCucumberTests"/>
      </group> <!-- cucumber -->
    </groups>
    <test name="Package with subpackages" duration-ms="47601" started-at="2017-03-12T12:36:52Z" finished-at="2017-03-12T12:37:40Z">
      <class name="uk.co.automatictester.jwebfwk.runners.DownloadFeatureRunner">
        <test-method status="FAIL" signature="run_cukes()[pri:0, instance:uk.co.automatictester.jwebfwk.runners.DownloadFeatureRunner@6442b0a6]" name="run_cukes" duration-ms="46373" started-at="2017-03-12T23:36:52Z" description="Runs Cucumber Features" finished-at="2017-03-12T23:37:38Z">
          <exception class="cucumber.runtime.CucumberException">
            <message>
              <![CDATA[org.openqa.selenium.WebDriverException: Unable to bind to locking port 7054 within 45000 ms
Build info: version: '2.46.0', revision: '61506a4624b13675f24581e453592342b7485d71', time: '2015-06-04 10:22:50'
System info: host: 'Alex-PC', ip: '192.168.1.106', os.name: 'Windows 10', os.arch: 'amd64', os.version: '10.0', java.version: '1.8.0_121'
Driver info: driver.version: FirefoxDriver]]>
            </message>
            <full-stacktrace>
              <![CDATA[cucumber.runtime.CucumberException: org.openqa.selenium.WebDriverException: Unable to bind to locking port 7054 within 45000 ms
Build info: version: '2.46.0', revision: '61506a4624b13675f24581e453592342b7485d71', time: '2015-06-04 10:22:50'
System info: host: 'Alex-PC', ip: '192.168.1.106', os.name: 'Windows 10', os.arch: 'amd64', os.version: '10.0', java.version: '1.8.0_121'
Driver info: driver.version: FirefoxDriver
	at cucumber.api.testng.TestNGCucumberRunner.runCukes(TestNGCucumberRunner.java:48)
	at cucumber.api.testng.AbstractTestNGCucumberTests.run_cukes(AbstractTestNGCucumberTests.java:14)
	at sun.reflect.NativeMethodAccessorImpl.invoke0(Native Method)
	at sun.reflect.NativeMethodAccessorImpl.invoke(NativeMethodAccessorImpl.java:62)
	at sun.reflect.DelegatingMethodAccessorImpl.invoke(DelegatingMethodAccessorImpl.java:43)
	at java.lang.reflect.Method.invoke(Method.java:498)
	at org.testng.internal.MethodInvocationHelper.invokeMethod(MethodInvocationHelper.java:85)
	at org.testng.internal.MethodInvocationHelper$1.runTestMethod(MethodInvocationHelper.java:200)
	at cucumber.api.testng.AbstractTestNGCucumberTests.run(AbstractTestNGCucumberTests.java:19)
	at org.testng.internal.MethodInvocationHelper.invokeHookable(MethodInvocationHelper.java:212)
	at org.testng.internal.Invoker.invokeMethod(Invoker.java:689)
	at org.testng.internal.Invoker.invokeTestMethod(Invoker.java:882)
	at org.testng.internal.Invoker.invokeTestMethods(Invoker.java:1189)
	at org.testng.internal.TestMethodWorker.invokeTestMethods(TestMethodWorker.java:124)
	at org.testng.internal.TestMethodWorker.run(TestMethodWorker.java:108)
	at java.util.concurrent.ThreadPoolExecutor.runWorker(ThreadPoolExecutor.java:1142)
	at java.util.concurrent.ThreadPoolExecutor$Worker.run(ThreadPoolExecutor.java:617)
	at java.lang.Thread.run(Thread.java:745)
Caused by: org.openqa.selenium.WebDriverException: Unable to bind to locking port 7054 within 45000 ms
Build info: version: '2.46.0', revision: '61506a4624b13675f24581e453592342b7485d71', time: '2015-06-04 10:22:50'
System info: host: 'Alex-PC', ip: '192.168.1.106', os.name: 'Windows 10', os.arch: 'amd64', os.version: '10.0', java.version: '1.8.0_121'
Driver info: driver.version: FirefoxDriver
	at org.openqa.selenium.internal.SocketLock.lock(SocketLock.java:99)
	at org.openqa.selenium.firefox.internal.NewProfileExtensionConnection.start(NewProfileExtensionConnection.java:88)
	at org.openqa.selenium.firefox.FirefoxDriver.startClient(FirefoxDriver.java:275)
	at org.openqa.selenium.remote.RemoteWebDriver.<init>(RemoteWebDriver.java:116)
	at org.openqa.selenium.firefox.FirefoxDriver.<init>(FirefoxDriver.java:220)
	at org.openqa.selenium.firefox.FirefoxDriver.<init>(FirefoxDriver.java:215)
	at org.openqa.selenium.firefox.FirefoxDriver.<init>(FirefoxDriver.java:211)
	at org.openqa.selenium.firefox.FirefoxDriver.<init>(FirefoxDriver.java:124)
	at uk.co.automatictester.jwebfwk.framework.ParentScenario.startBrowser(ParentScenario.java:22)
	at uk.co.automatictester.jwebfwk.glue.StepDefinitions.beforeScenario(StepDefinitions.java:20)
	at sun.reflect.NativeMethodAccessorImpl.invoke0(Native Method)
	at sun.reflect.NativeMethodAccessorImpl.invoke(NativeMethodAccessorImpl.java:62)
	at sun.reflect.DelegatingMethodAccessorImpl.invoke(DelegatingMethodAccessorImpl.java:43)
	at java.lang.reflect.Method.invoke(Method.java:498)
	at cucumber.runtime.Utils$1.call(Utils.java:37)
	at cucumber.runtime.Timeout.timeout(Timeout.java:13)
	at cucumber.runtime.Utils.invoke(Utils.java:31)
	at cucumber.runtime.java.JavaHookDefinition.execute(JavaHookDefinition.java:59)
	at cucumber.runtime.Runtime.runHookIfTagsMatch(Runtime.java:222)
	at cucumber.runtime.Runtime.runHooks(Runtime.java:210)
	at cucumber.runtime.Runtime.runBeforeHooks(Runtime.java:200)
	at cucumber.runtime.model.CucumberScenario.run(CucumberScenario.java:44)
	at cucumber.runtime.model.CucumberFeature.run(CucumberFeature.java:163)
	at cucumber.runtime.Runtime.run(Runtime.java:120)
	at cucumber.api.testng.TestNGCucumberRunner.runCukes(TestNGCucumberRunner.java:43)
	... 17 more
]]>
            </full-stacktrace>
          </exception> <!-- cucumber.runtime.CucumberException -->
          <reporter-output>
            <line>
              <![CDATA[<div "featureFile">Feature File: src&#x2F;test&#x2F;resources&#x2F;features&#x2F;Download.feature</div>]]>
            </line>
            <line>
              <![CDATA[<div "feature">Feature: Download section</div>]]>
            </line>
            <line>
              <![CDATA[<div "scenario">Scenario: Java binding download link check</div>]]>
            </line>
            <line>
              <![CDATA[<div "result">Given  I am on the Selenium homepage (skipped)</div>]]>
            </line>
            <line>
              <![CDATA[<div "result">When  I click &quot;Download&quot; tab (skipped)</div>]]>
            </line>
            <line>
              <![CDATA[<div "result">Then  I should see &quot;Java&quot; download link on Download page (skipped)</div>]]>
            </line>
            <line>
              <![CDATA[<div "result">And  I should see &quot;C#&quot; download link on Download page (skipped)</div>]]>
            </line>
            <line>
              <![CDATA[<div "result">And  I should see &quot;Ruby&quot; download link on Download page (skipped)</div>]]>
            </line>
            <line>
              <![CDATA[<div "result">And  I should see &quot;Python&quot; download link on Download page (skipped)</div>]]>
            </line>
            <line>
              <![CDATA[<div "result">And  I should see &quot;Javascript (Node)&quot; download link on Download page (skipped)</div>]]>
            </line>
          </reporter-output>
        </test-method> <!-- run_cukes -->
      </class> <!-- uk.co.automatictester.jwebfwk.runners.DownloadFeatureRunner -->
      <class name="uk.co.automatictester.jwebfwk.runners.DownloadFeatureRunner_Copy">
        <test-method status="FAIL" signature="run_cukes()[pri:0, instance:uk.co.automatictester.jwebfwk.runners.DownloadFeatureRunner_Copy@380fb434]" name="run_cukes" duration-ms="47576" started-at="2017-03-12T23:36:52Z" description="Runs Cucumber Features" finished-at="2017-03-12T23:37:40Z">
          <exception class="cucumber.runtime.CucumberException">
            <message>
              <![CDATA[org.openqa.selenium.WebDriverException: Failed to connect to binary FirefoxBinary(C:\Program Files\Mozilla Firefox\firefox.exe) on port 7055; process output follows: 
8YMa_iF2_O20","location":"app-global","version":"44.0","type":"theme","internalName":"classic/1.0","updateURL":null,"updateKey":null,"optionsURL":null,"optionsType":null,"aboutURL":null,"icons":{"32":"icon.png","48":"icon.png"},"iconURL":null,"icon64URL":null,"defaultLocale":{"name":"Default","description":"The default theme.","creator":"Mozilla","homepageURL":null,"contributors":["Mozilla Contributors"]},"visible":true,"active":true,"userDisabled":false,"appDisabled":false,"descriptor":"C:\\Program Files\\Mozilla Firefox\\browser\\extensions\\{972ce4c6-7e08-4474-a285-3208198ce6fd}","installDate":1482203161597,"updateDate":1482203161597,"applyBackgroundUpdates":1,"skinnable":true,"size":24166,"sourceURI":null,"releaseNotesURI":null,"softDisabled":false,"foreignInstall":false,"hasBinaryComponents":false,"strictCompatibility":true,"locales":[],"targetApplications":[{"id":"{ec8030f7-c20a-464f-9b0e-13a3a9e97384}","minVersion":"44.0","maxVersion":"44.0"}],"targetPlatforms":[]}
1489322214743	addons.xpi	DEBUG	getModTime: Recursive scan of {972ce4c6-7e08-4474-a285-3208198ce6fd}
1489322214744	DeferredSave.extensions.json	DEBUG	Save changes
1489322214744	addons.xpi	DEBUG	Updating database with changes to installed add-ons
1489322214744	addons.xpi-utils	DEBUG	Updating add-on states
1489322214745	addons.xpi-utils	DEBUG	Writing add-ons list
1489322214752	addons.manager	DEBUG	Registering shutdown blocker for XPIProvider
1489322214752	addons.manager	DEBUG	Provider finished startup: XPIProvider
1489322214752	addons.manager	DEBUG	Starting provider: LightweightThemeManager
1489322214752	addons.manager	DEBUG	Registering shutdown blocker for LightweightThemeManager
1489322214753	addons.manager	DEBUG	Provider finished startup: LightweightThemeManager
1489322214753	addons.manager	DEBUG	Starting provider: GMPProvider
1489322214758	addons.manager	DEBUG	Registering shutdown blocker for GMPProvider
1489322214758	addons.manager	DEBUG	Provider finished startup: GMPProvider
1489322214758	addons.manager	DEBUG	Starting provider: PluginProvider
1489322214758	addons.manager	DEBUG	Registering shutdown blocker for PluginProvider
1489322214759	addons.manager	DEBUG	Provider finished startup: PluginProvider
1489322214759	addons.manager	DEBUG	Completed startup sequence
1489322214975	addons.manager	DEBUG	Starting provider: <unnamed-provider>
1489322214975	addons.manager	DEBUG	Registering shutdown blocker for <unnamed-provider>
1489322214975	addons.manager	DEBUG	Provider finished startup: <unnamed-provider>
1489322215068	DeferredSave.extensions.json	DEBUG	Starting write
1489322215270	addons.repository	DEBUG	No addons.json found.
1489322215270	DeferredSave.addons.json	DEBUG	Save changes
1489322215272	DeferredSave.addons.json	DEBUG	Starting timer
1489322215282	addons.manager	DEBUG	Starting provider: PreviousExperimentProvider
1489322215282	addons.manager	DEBUG	Registering shutdown blocker for PreviousExperimentProvider
1489322215282	addons.manager	DEBUG	Provider finished startup: PreviousExperimentProvider
1489322215285	DeferredSave.extensions.json	DEBUG	Write succeeded
1489322215285	addons.xpi-utils	DEBUG	XPI Database saved, setting schema version preference to 17
1489322215333	DeferredSave.addons.json	DEBUG	Starting write
1489322215489	DeferredSave.addons.json	DEBUG	Write succeeded
1489322237838	addons.manager	DEBUG	shutdown
1489322237838	addons.manager	DEBUG	Calling shutdown blocker for XPIProvider
1489322237838	addons.xpi	DEBUG	shutdown
1489322237839	addons.xpi-utils	DEBUG	shutdown
1489322237839	addons.manager	DEBUG	Calling shutdown blocker for LightweightThemeManager
1489322237839	addons.manager	DEBUG	Calling shutdown blocker for GMPProvider
1489322237840	addons.manager	DEBUG	Calling shutdown blocker for PluginProvider
1489322237840	addons.manager	DEBUG	Calling shutdown blocker for <unnamed-provider>
1489322237841	addons.manager	DEBUG	Calling shutdown blocker for PreviousExperimentProvider
1489322237843	addons.xpi	DEBUG	Notifying XPI shutdown observers
1489322237846	addons.manager	DEBUG	Async provider shutdown done

Build info: version: '2.46.0', revision: '61506a4624b13675f24581e453592342b7485d71', time: '2015-06-04 10:22:50'
System info: host: 'Alex-PC', ip: '192.168.1.106', os.name: 'Windows 10', os.arch: 'amd64', os.version: '10.0', java.version: '1.8.0_121'
Driver info: driver.version: FirefoxDriver]]>
            </message>
            <full-stacktrace>
              <![CDATA[cucumber.runtime.CucumberException: org.openqa.selenium.WebDriverException: Failed to connect to binary FirefoxBinary(C:\Program Files\Mozilla Firefox\firefox.exe) on port 7055; process output follows: 
8YMa_iF2_O20","location":"app-global","version":"44.0","type":"theme","internalName":"classic/1.0","updateURL":null,"updateKey":null,"optionsURL":null,"optionsType":null,"aboutURL":null,"icons":{"32":"icon.png","48":"icon.png"},"iconURL":null,"icon64URL":null,"defaultLocale":{"name":"Default","description":"The default theme.","creator":"Mozilla","homepageURL":null,"contributors":["Mozilla Contributors"]},"visible":true,"active":true,"userDisabled":false,"appDisabled":false,"descriptor":"C:\\Program Files\\Mozilla Firefox\\browser\\extensions\\{972ce4c6-7e08-4474-a285-3208198ce6fd}","installDate":1482203161597,"updateDate":1482203161597,"applyBackgroundUpdates":1,"skinnable":true,"size":24166,"sourceURI":null,"releaseNotesURI":null,"softDisabled":false,"foreignInstall":false,"hasBinaryComponents":false,"strictCompatibility":true,"locales":[],"targetApplications":[{"id":"{ec8030f7-c20a-464f-9b0e-13a3a9e97384}","minVersion":"44.0","maxVersion":"44.0"}],"targetPlatforms":[]}
1489322214743	addons.xpi	DEBUG	getModTime: Recursive scan of {972ce4c6-7e08-4474-a285-3208198ce6fd}
1489322214744	DeferredSave.extensions.json	DEBUG	Save changes
1489322214744	addons.xpi	DEBUG	Updating database with changes to installed add-ons
1489322214744	addons.xpi-utils	DEBUG	Updating add-on states
1489322214745	addons.xpi-utils	DEBUG	Writing add-ons list
1489322214752	addons.manager	DEBUG	Registering shutdown blocker for XPIProvider
1489322214752	addons.manager	DEBUG	Provider finished startup: XPIProvider
1489322214752	addons.manager	DEBUG	Starting provider: LightweightThemeManager
1489322214752	addons.manager	DEBUG	Registering shutdown blocker for LightweightThemeManager
1489322214753	addons.manager	DEBUG	Provider finished startup: LightweightThemeManager
1489322214753	addons.manager	DEBUG	Starting provider: GMPProvider
1489322214758	addons.manager	DEBUG	Registering shutdown blocker for GMPProvider
1489322214758	addons.manager	DEBUG	Provider finished startup: GMPProvider
1489322214758	addons.manager	DEBUG	Starting provider: PluginProvider
1489322214758	addons.manager	DEBUG	Registering shutdown blocker for PluginProvider
1489322214759	addons.manager	DEBUG	Provider finished startup: PluginProvider
1489322214759	addons.manager	DEBUG	Completed startup sequence
1489322214975	addons.manager	DEBUG	Starting provider: <unnamed-provider>
1489322214975	addons.manager	DEBUG	Registering shutdown blocker for <unnamed-provider>
1489322214975	addons.manager	DEBUG	Provider finished startup: <unnamed-provider>
1489322215068	DeferredSave.extensions.json	DEBUG	Starting write
1489322215270	addons.repository	DEBUG	No addons.json found.
1489322215270	DeferredSave.addons.json	DEBUG	Save changes
1489322215272	DeferredSave.addons.json	DEBUG	Starting timer
1489322215282	addons.manager	DEBUG	Starting provider: PreviousExperimentProvider
1489322215282	addons.manager	DEBUG	Registering shutdown blocker for PreviousExperimentProvider
1489322215282	addons.manager	DEBUG	Provider finished startup: PreviousExperimentProvider
1489322215285	DeferredSave.extensions.json	DEBUG	Write succeeded
1489322215285	addons.xpi-utils	DEBUG	XPI Database saved, setting schema version preference to 17
1489322215333	DeferredSave.addons.json	DEBUG	Starting write
1489322215489	DeferredSave.addons.json	DEBUG	Write succeeded
1489322237838	addons.manager	DEBUG	shutdown
1489322237838	addons.manager	DEBUG	Calling shutdown blocker for XPIProvider
1489322237838	addons.xpi	DEBUG	shutdown
1489322237839	addons.xpi-utils	DEBUG	shutdown
1489322237839	addons.manager	DEBUG	Calling shutdown blocker for LightweightThemeManager
1489322237839	addons.manager	DEBUG	Calling shutdown blocker for GMPProvider
1489322237840	addons.manager	DEBUG	Calling shutdown blocker for PluginProvider
1489322237840	addons.manager	DEBUG	Calling shutdown blocker for <unnamed-provider>
1489322237841	addons.manager	DEBUG	Calling shutdown blocker for PreviousExperimentProvider
1489322237843	addons.xpi	DEBUG	Notifying XPI shutdown observers
1489322237846	addons.manager	DEBUG	Async provider shutdown done

Build info: version: '2.46.0', revision: '61506a4624b13675f24581e453592342b7485d71', time: '2015-06-04 10:22:50'
System info: host: 'Alex-PC', ip: '192.168.1.106', os.name: 'Windows 10', os.arch: 'amd64', os.version: '10.0', java.version: '1.8.0_121'
Driver info: driver.version: FirefoxDriver
	at cucumber.api.testng.TestNGCucumberRunner.runCukes(TestNGCucumberRunner.java:48)
	at cucumber.api.testng.AbstractTestNGCucumberTests.run_cukes(AbstractTestNGCucumberTests.java:14)
	at sun.reflect.NativeMethodAccessorImpl.invoke0(Native Method)
	at sun.reflect.NativeMethodAccessorImpl.invoke(NativeMethodAccessorImpl.java:62)
	at sun.reflect.DelegatingMethodAccessorImpl.invoke(DelegatingMethodAccessorImpl.java:43)
	at java.lang.reflect.Method.invoke(Method.java:498)
	at org.testng.internal.MethodInvocationHelper.invokeMethod(MethodInvocationHelper.java:85)
	at org.testng.internal.MethodInvocationHelper$1.runTestMethod(MethodInvocationHelper.java:200)
	at cucumber.api.testng.AbstractTestNGCucumberTests.run(AbstractTestNGCucumberTests.java:19)
	at org.testng.internal.MethodInvocationHelper.invokeHookable(MethodInvocationHelper.java:212)
	at org.testng.internal.Invoker.invokeMethod(Invoker.java:689)
	at org.testng.internal.Invoker.invokeTestMethod(Invoker.java:882)
	at org.testng.internal.Invoker.invokeTestMethods(Invoker.java:1189)
	at org.testng.internal.TestMethodWorker.invokeTestMethods(TestMethodWorker.java:124)
	at org.testng.internal.TestMethodWorker.run(TestMethodWorker.java:108)
	at java.util.concurrent.ThreadPoolExecutor.runWorker(ThreadPoolExecutor.java:1142)
	at java.util.concurrent.ThreadPoolExecutor$Worker.run(ThreadPoolExecutor.java:617)
	at java.lang.Thread.run(Thread.java:745)
Caused by: org.openqa.selenium.WebDriverException: Failed to connect to binary FirefoxBinary(C:\Program Files\Mozilla Firefox\firefox.exe) on port 7055; process output follows: 
8YMa_iF2_O20","location":"app-global","version":"44.0","type":"theme","internalName":"classic/1.0","updateURL":null,"updateKey":null,"optionsURL":null,"optionsType":null,"aboutURL":null,"icons":{"32":"icon.png","48":"icon.png"},"iconURL":null,"icon64URL":null,"defaultLocale":{"name":"Default","description":"The default theme.","creator":"Mozilla","homepageURL":null,"contributors":["Mozilla Contributors"]},"visible":true,"active":true,"userDisabled":false,"appDisabled":false,"descriptor":"C:\\Program Files\\Mozilla Firefox\\browser\\extensions\\{972ce4c6-7e08-4474-a285-3208198ce6fd}","installDate":1482203161597,"updateDate":1482203161597,"applyBackgroundUpdates":1,"skinnable":true,"size":24166,"sourceURI":null,"releaseNotesURI":null,"softDisabled":false,"foreignInstall":false,"hasBinaryComponents":false,"strictCompatibility":true,"locales":[],"targetApplications":[{"id":"{ec8030f7-c20a-464f-9b0e-13a3a9e97384}","minVersion":"44.0","maxVersion":"44.0"}],"targetPlatforms":[]}
1489322214743	addons.xpi	DEBUG	getModTime: Recursive scan of {972ce4c6-7e08-4474-a285-3208198ce6fd}
1489322214744	DeferredSave.extensions.json	DEBUG	Save changes
1489322214744	addons.xpi	DEBUG	Updating database with changes to installed add-ons
1489322214744	addons.xpi-utils	DEBUG	Updating add-on states
1489322214745	addons.xpi-utils	DEBUG	Writing add-ons list
1489322214752	addons.manager	DEBUG	Registering shutdown blocker for XPIProvider
1489322214752	addons.manager	DEBUG	Provider finished startup: XPIProvider
1489322214752	addons.manager	DEBUG	Starting provider: LightweightThemeManager
1489322214752	addons.manager	DEBUG	Registering shutdown blocker for LightweightThemeManager
1489322214753	addons.manager	DEBUG	Provider finished startup: LightweightThemeManager
1489322214753	addons.manager	DEBUG	Starting provider: GMPProvider
1489322214758	addons.manager	DEBUG	Registering shutdown blocker for GMPProvider
1489322214758	addons.manager	DEBUG	Provider finished startup: GMPProvider
1489322214758	addons.manager	DEBUG	Starting provider: PluginProvider
1489322214758	addons.manager	DEBUG	Registering shutdown blocker for PluginProvider
1489322214759	addons.manager	DEBUG	Provider finished startup: PluginProvider
1489322214759	addons.manager	DEBUG	Completed startup sequence
1489322214975	addons.manager	DEBUG	Starting provider: <unnamed-provider>
1489322214975	addons.manager	DEBUG	Registering shutdown blocker for <unnamed-provider>
1489322214975	addons.manager	DEBUG	Provider finished startup: <unnamed-provider>
1489322215068	DeferredSave.extensions.json	DEBUG	Starting write
1489322215270	addons.repository	DEBUG	No addons.json found.
1489322215270	DeferredSave.addons.json	DEBUG	Save changes
1489322215272	DeferredSave.addons.json	DEBUG	Starting timer
1489322215282	addons.manager	DEBUG	Starting provider: PreviousExperimentProvider
1489322215282	addons.manager	DEBUG	Registering shutdown blocker for PreviousExperimentProvider
1489322215282	addons.manager	DEBUG	Provider finished startup: PreviousExperimentProvider
1489322215285	DeferredSave.extensions.json	DEBUG	Write succeeded
1489322215285	addons.xpi-utils	DEBUG	XPI Database saved, setting schema version preference to 17
1489322215333	DeferredSave.addons.json	DEBUG	Starting write
1489322215489	DeferredSave.addons.json	DEBUG	Write succeeded
1489322237838	addons.manager	DEBUG	shutdown
1489322237838	addons.manager	DEBUG	Calling shutdown blocker for XPIProvider
1489322237838	addons.xpi	DEBUG	shutdown
1489322237839	addons.xpi-utils	DEBUG	shutdown
1489322237839	addons.manager	DEBUG	Calling shutdown blocker for LightweightThemeManager
1489322237839	addons.manager	DEBUG	Calling shutdown blocker for GMPProvider
1489322237840	addons.manager	DEBUG	Calling shutdown blocker for PluginProvider
1489322237840	addons.manager	DEBUG	Calling shutdown blocker for <unnamed-provider>
1489322237841	addons.manager	DEBUG	Calling shutdown blocker for PreviousExperimentProvider
1489322237843	addons.xpi	DEBUG	Notifying XPI shutdown observers
1489322237846	addons.manager	DEBUG	Async provider shutdown done

Build info: version: '2.46.0', revision: '61506a4624b13675f24581e453592342b7485d71', time: '2015-06-04 10:22:50'
System info: host: 'Alex-PC', ip: '192.168.1.106', os.name: 'Windows 10', os.arch: 'amd64', os.version: '10.0', java.version: '1.8.0_121'
Driver info: driver.version: FirefoxDriver
	at org.openqa.selenium.firefox.internal.NewProfileExtensionConnection.start(NewProfileExtensionConnection.java:132)
	at org.openqa.selenium.firefox.FirefoxDriver.startClient(FirefoxDriver.java:275)
	at org.openqa.selenium.remote.RemoteWebDriver.<init>(RemoteWebDriver.java:116)
	at org.openqa.selenium.firefox.FirefoxDriver.<init>(FirefoxDriver.java:220)
	at org.openqa.selenium.firefox.FirefoxDriver.<init>(FirefoxDriver.java:215)
	at org.openqa.selenium.firefox.FirefoxDriver.<init>(FirefoxDriver.java:211)
	at org.openqa.selenium.firefox.FirefoxDriver.<init>(FirefoxDriver.java:124)
	at uk.co.automatictester.jwebfwk.framework.ParentScenario.startBrowser(ParentScenario.java:22)
	at uk.co.automatictester.jwebfwk.glue.StepDefinitions.beforeScenario(StepDefinitions.java:20)
	at sun.reflect.NativeMethodAccessorImpl.invoke0(Native Method)
	at sun.reflect.NativeMethodAccessorImpl.invoke(NativeMethodAccessorImpl.java:62)
	at sun.reflect.DelegatingMethodAccessorImpl.invoke(DelegatingMethodAccessorImpl.java:43)
	at java.lang.reflect.Method.invoke(Method.java:498)
	at cucumber.runtime.Utils$1.call(Utils.java:37)
	at cucumber.runtime.Timeout.timeout(Timeout.java:13)
	at cucumber.runtime.Utils.invoke(Utils.java:31)
	at cucumber.runtime.java.JavaHookDefinition.execute(JavaHookDefinition.java:59)
	at cucumber.runtime.Runtime.runHookIfTagsMatch(Runtime.java:222)
	at cucumber.runtime.Runtime.runHooks(Runtime.java:210)
	at cucumber.runtime.Runtime.runBeforeHooks(Runtime.java:200)
	at cucumber.runtime.model.CucumberScenario.run(CucumberScenario.java:44)
	at cucumber.runtime.model.CucumberFeature.run(CucumberFeature.java:163)
	at cucumber.runtime.Runtime.run(Runtime.java:120)
	at cucumber.api.testng.TestNGCucumberRunner.runCukes(TestNGCucumberRunner.java:43)
	... 17 more
Caused by: org.openqa.selenium.firefox.NotConnectedException: Unable to connect to host 127.0.0.1 on port 7055 after 45000 ms. Firefox console output:
8YMa_iF2_O20","location":"app-global","version":"44.0","type":"theme","internalName":"classic/1.0","updateURL":null,"updateKey":null,"optionsURL":null,"optionsType":null,"aboutURL":null,"icons":{"32":"icon.png","48":"icon.png"},"iconURL":null,"icon64URL":null,"defaultLocale":{"name":"Default","description":"The default theme.","creator":"Mozilla","homepageURL":null,"contributors":["Mozilla Contributors"]},"visible":true,"active":true,"userDisabled":false,"appDisabled":false,"descriptor":"C:\\Program Files\\Mozilla Firefox\\browser\\extensions\\{972ce4c6-7e08-4474-a285-3208198ce6fd}","installDate":1482203161597,"updateDate":1482203161597,"applyBackgroundUpdates":1,"skinnable":true,"size":24166,"sourceURI":null,"releaseNotesURI":null,"softDisabled":false,"foreignInstall":false,"hasBinaryComponents":false,"strictCompatibility":true,"locales":[],"targetApplications":[{"id":"{ec8030f7-c20a-464f-9b0e-13a3a9e97384}","minVersion":"44.0","maxVersion":"44.0"}],"targetPlatforms":[]}
1489322214743	addons.xpi	DEBUG	getModTime: Recursive scan of {972ce4c6-7e08-4474-a285-3208198ce6fd}
1489322214744	DeferredSave.extensions.json	DEBUG	Save changes
1489322214744	addons.xpi	DEBUG	Updating database with changes to installed add-ons
1489322214744	addons.xpi-utils	DEBUG	Updating add-on states
1489322214745	addons.xpi-utils	DEBUG	Writing add-ons list
1489322214752	addons.manager	DEBUG	Registering shutdown blocker for XPIProvider
1489322214752	addons.manager	DEBUG	Provider finished startup: XPIProvider
1489322214752	addons.manager	DEBUG	Starting provider: LightweightThemeManager
1489322214752	addons.manager	DEBUG	Registering shutdown blocker for LightweightThemeManager
1489322214753	addons.manager	DEBUG	Provider finished startup: LightweightThemeManager
1489322214753	addons.manager	DEBUG	Starting provider: GMPProvider
1489322214758	addons.manager	DEBUG	Registering shutdown blocker for GMPProvider
1489322214758	addons.manager	DEBUG	Provider finished startup: GMPProvider
1489322214758	addons.manager	DEBUG	Starting provider: PluginProvider
1489322214758	addons.manager	DEBUG	Registering shutdown blocker for PluginProvider
1489322214759	addons.manager	DEBUG	Provider finished startup: PluginProvider
1489322214759	addons.manager	DEBUG	Completed startup sequence
1489322214975	addons.manager	DEBUG	Starting provider: <unnamed-provider>
1489322214975	addons.manager	DEBUG	Registering shutdown blocker for <unnamed-provider>
1489322214975	addons.manager	DEBUG	Provider finished startup: <unnamed-provider>
1489322215068	DeferredSave.extensions.json	DEBUG	Starting write
1489322215270	addons.repository	DEBUG	No addons.json found.
1489322215270	DeferredSave.addons.json	DEBUG	Save changes
1489322215272	DeferredSave.addons.json	DEBUG	Starting timer
1489322215282	addons.manager	DEBUG	Starting provider: PreviousExperimentProvider
1489322215282	addons.manager	DEBUG	Registering shutdown blocker for PreviousExperimentProvider
1489322215282	addons.manager	DEBUG	Provider finished startup: PreviousExperimentProvider
1489322215285	DeferredSave.extensions.json	DEBUG	Write succeeded
1489322215285	addons.xpi-utils	DEBUG	XPI Database saved, setting schema version preference to 17
1489322215333	DeferredSave.addons.json	DEBUG	Starting write
1489322215489	DeferredSave.addons.json	DEBUG	Write succeeded
1489322237838	addons.manager	DEBUG	shutdown
1489322237838	addons.manager	DEBUG	Calling shutdown blocker for XPIProvider
1489322237838	addons.xpi	DEBUG	shutdown
1489322237839	addons.xpi-utils	DEBUG	shutdown
1489322237839	addons.manager	DEBUG	Calling shutdown blocker for LightweightThemeManager
1489322237839	addons.manager	DEBUG	Calling shutdown blocker for GMPProvider
1489322237840	addons.manager	DEBUG	Calling shutdown blocker for PluginProvider
1489322237840	addons.manager	DEBUG	Calling shutdown blocker for <unnamed-provider>
1489322237841	addons.manager	DEBUG	Calling shutdown blocker for PreviousExperimentProvider
1489322237843	addons.xpi	DEBUG	Notifying XPI shutdown observers
1489322237846	addons.manager	DEBUG	Async provider shutdown done

	at org.openqa.selenium.firefox.internal.NewProfileExtensionConnection.start(NewProfileExtensionConnection.java:120)
	... 40 more
]]>
            </full-stacktrace>
          </exception> <!-- cucumber.runtime.CucumberException -->
          <reporter-output>
            <line>
              <![CDATA[<div "featureFile">Feature File: src&#x2F;test&#x2F;resources&#x2F;features&#x2F;Download_Copy.feature</div>]]>
            </line>
            <line>
              <![CDATA[<div "feature">Feature: Download section</div>]]>
            </line>
            <line>
              <![CDATA[<div "scenario">Scenario: Java binding download link check</div>]]>
            </line>
            <line>
              <![CDATA[<div "result">Given  I am on the Selenium homepage (skipped)</div>]]>
            </line>
            <line>
              <![CDATA[<div "result">When  I click &quot;Download&quot; tab (skipped)</div>]]>
            </line>
            <line>
              <![CDATA[<div "result">Then  I should see &quot;Java&quot; download link on Download page (skipped)</div>]]>
            </line>
            <line>
              <![CDATA[<div "result">And  I should see &quot;C#&quot; download link on Download page (skipped)</div>]]>
            </line>
            <line>
              <![CDATA[<div "result">And  I should see &quot;Ruby&quot; download link on Download page (skipped)</div>]]>
            </line>
            <line>
              <![CDATA[<div "result">And  I should see &quot;Python&quot; download link on Download page (skipped)</div>]]>
            </line>
            <line>
              <![CDATA[<div "result">And  I should see &quot;Javascript (Node)&quot; download link on Download page (skipped)</div>]]>
            </line>
          </reporter-output>
        </test-method> <!-- run_cukes -->
      </class> <!-- uk.co.automatictester.jwebfwk.runners.DownloadFeatureRunner_Copy -->
    </test> <!-- Package with subpackages -->
  </suite> <!-- Test runner -->
</testng-results>
