<html>
<head>
<title>TestNG:  Package with subpackages</title>
<link href="../testng.css" rel="stylesheet" type="text/css" />
<link href="../my-testng.css" rel="stylesheet" type="text/css" />

<style type="text/css">
.log { display: none;} 
.stack-trace { display: none;} 
</style>
<script type="text/javascript">
<!--
function flip(e) {
  current = e.style.display;
  if (current == 'block') {
    e.style.display = 'none';
    return 0;
  }
  else {
    e.style.display = 'block';
    return 1;
  }
}

function toggleBox(szDivId, elem, msg1, msg2)
{
  var res = -1;  if (document.getElementById) {
    res = flip(document.getElementById(szDivId));
  }
  else if (document.all) {
    // this is the way old msie versions work
    res = flip(document.all[szDivId]);
  }
  if(elem) {
    if(res == 0) elem.innerHTML = msg1; else elem.innerHTML = msg2;
  }

}

function toggleAllBoxes() {
  if (document.getElementsByTagName) {
    d = document.getElementsByTagName('div');
    for (i = 0; i < d.length; i++) {
      if (d[i].className == 'log') {
        flip(d[i]);
      }
    }
  }
}

// -->
</script>

</head>
<body>
<h2 align='center'>Package with subpackages</h2><table border='1' align="center">
<tr>
<td>Tests passed/Failed/Skipped:</td><td>0/2/0</td>
</tr><tr>
<td>Started on:</td><td>Sun Mar 12 23:36:52 AEDT 2017</td>
</tr>
<tr><td>Total time:</td><td>47 seconds (47601 ms)</td>
</tr><tr>
<td>Included groups:</td><td></td>
</tr><tr>
<td>Excluded groups:</td><td></td>
</tr>
</table><p/>
<small><i>(Hover the method name to see the test class name)</i></small><p/>
<table width='100%' border='1' class='invocation-failed'>
<tr><td colspan='4' align='center'><b>FAILED TESTS</b></td></tr>
<tr><td><b>Test method</b></td>
<td width="30%"><b>Exception</b></td>
<td width="10%"><b>Time (seconds)</b></td>
<td><b>Instance</b></td>
</tr>
<tr>
<td title='uk.co.automatictester.jwebfwk.runners.DownloadFeatureRunner.run_cukes()'><b>run_cukes</b><br>Test class: uk.co.automatictester.jwebfwk.runners.DownloadFeatureRunner<br>Test method: Runs Cucumber Features<br/>
<a href="#Output-1955499504" onClick='toggleBox("Output-1955499504", this, "Show output", "Hide output");'>Show output</a>

<a href="#Output-1955499504" onClick="toggleAllBoxes();">Show all outputs</a>
<div class='log' id="Output-1955499504">
<div "featureFile">Feature File: src&#x2F;test&#x2F;resources&#x2F;features&#x2F;Download.feature</div><br/>
<div "feature">Feature: Download section</div><br/>
<div "scenario">Scenario: Java binding download link check</div><br/>
<div "result">Given  I am on the Selenium homepage (skipped)</div><br/>
<div "result">When  I click &quot;Download&quot; tab (skipped)</div><br/>
<div "result">Then  I should see &quot;Java&quot; download link on Download page (skipped)</div><br/>
<div "result">And  I should see &quot;C#&quot; download link on Download page (skipped)</div><br/>
<div "result">And  I should see &quot;Ruby&quot; download link on Download page (skipped)</div><br/>
<div "result">And  I should see &quot;Python&quot; download link on Download page (skipped)</div><br/>
<div "result">And  I should see &quot;Javascript (Node)&quot; download link on Download page (skipped)</div><br/>
</div>
</td>
<td><div><pre>cucumber.runtime.CucumberException: org.openqa.selenium.WebDriverException: Unable to bind to locking port 7054 within 45000 ms
Build info: version: &apos;2.46.0&apos;, revision: &apos;61506a4624b13675f24581e453592342b7485d71&apos;, time: &apos;2015-06-04 10:22:50&apos;
System info: host: &apos;Alex-PC&apos;, ip: &apos;192.168.1.106&apos;, os.name: &apos;Windows 10&apos;, os.arch: &apos;amd64&apos;, os.version: &apos;10.0&apos;, java.version: &apos;1.8.0_121&apos;
Driver info: driver.version: FirefoxDriver
	at cucumber.api.testng.TestNGCucumberRunner.runCukes(TestNGCucumberRunner.java:48)
	at cucumber.api.testng.AbstractTestNGCucumberTests.run_cukes(AbstractTestNGCucumberTests.java:14)
	at cucumber.api.testng.AbstractTestNGCucumberTests.run(AbstractTestNGCucumberTests.java:19)
	at java.util.concurrent.ThreadPoolExecutor.runWorker(ThreadPoolExecutor.java:1142)
	at java.util.concurrent.ThreadPoolExecutor$Worker.run(ThreadPoolExecutor.java:617)
	at java.lang.Thread.run(Thread.java:745)
Caused by: org.openqa.selenium.WebDriverException: Unable to bind to locking port 7054 within 45000 ms
Build info: version: &apos;2.46.0&apos;, revision: &apos;61506a4624b13675f24581e453592342b7485d71&apos;, time: &apos;2015-06-04 10:22:50&apos;
System info: host: &apos;Alex-PC&apos;, ip: &apos;192.168.1.106&apos;, os.name: &apos;Windows 10&apos;, os.arch: &apos;amd64&apos;, os.version: &apos;10.0&apos;, java.version: &apos;1.8.0_121&apos;
Driver info: driver.version: FirefoxDriver
	at org.openqa.selenium.internal.SocketLock.lock(SocketLock.java:99)
	at org.openqa.selenium.firefox.internal.NewProfileExtensionConnection.start(NewProfileExtensionConnection.java:88)
	at org.openqa.selenium.firefox.FirefoxDriver.startClient(FirefoxDriver.java:275)
	at org.openqa.selenium.remote.RemoteWebDriver.&lt;init&gt;(RemoteWebDriver.java:116)
	at org.openqa.selenium.firefox.FirefoxDriver.&lt;init&gt;(FirefoxDriver.java:220)
	at org.openqa.selenium.firefox.FirefoxDriver.&lt;init&gt;(FirefoxDriver.java:215)
	at org.openqa.selenium.firefox.FirefoxDriver.&lt;init&gt;(FirefoxDriver.java:211)
	at org.openqa.selenium.firefox.FirefoxDriver.&lt;init&gt;(FirefoxDriver.java:124)
	at uk.co.automatictester.jwebfwk.framework.ParentScenario.startBrowser(ParentScenario.java:22)
	at uk.co.automatictester.jwebfwk.glue.StepDefinitions.beforeScenario(StepDefinitions.java:20)
	at cucumber.runtime.Utils$1.call(Utils.java:37)
	at cucumber.runtime.Timeout.timeout(Timeout.java:13)
	at cucumber.runtime.Utils.invoke(Utils.java:31)
	at cucumber.runtime.java.JavaHookDefinition.execute(JavaHookDefinition.java:59)
	at cucumber.runtime.Runtime.runHookIfTagsMatch(Runtime.java:222)
	at cucumber.runtime.Runtime.runHooks(Runtime.java:210)
	at cucumber.runtime.Runtime.runBeforeHooks(Runtime.java:200)
	at cucumber.runtime.model.CucumberScenario.run(CucumberScenario.java:44)
	at cucumber.runtime.model.CucumberFeature.run(CucumberFeature.java:163)
	at cucumber.runtime.Runtime.run(Runtime.java:120)
	at cucumber.api.testng.TestNGCucumberRunner.runCukes(TestNGCucumberRunner.java:43)
	... 17 more
... Removed 16 stack frames</pre></div><a href='#' onClick='toggleBox("stack-trace1955499504", this, "Click to show all stack frames", "Click to hide stack frames")'>Click to show all stack frames</a>
<div class='stack-trace' id='stack-trace1955499504'><pre>cucumber.runtime.CucumberException: org.openqa.selenium.WebDriverException: Unable to bind to locking port 7054 within 45000 ms
Build info: version: &apos;2.46.0&apos;, revision: &apos;61506a4624b13675f24581e453592342b7485d71&apos;, time: &apos;2015-06-04 10:22:50&apos;
System info: host: &apos;Alex-PC&apos;, ip: &apos;192.168.1.106&apos;, os.name: &apos;Windows 10&apos;, os.arch: &apos;amd64&apos;, os.version: &apos;10.0&apos;, java.version: &apos;1.8.0_121&apos;
Driver info: driver.version: FirefoxDriver
	at cucumber.api.testng.TestNGCucumberRunner.runCukes(TestNGCucumberRunner.java:48)
	at cucumber.api.testng.AbstractTestNGCucumberTests.run_cukes(AbstractTestNGCucumberTests.java:14)
	at sun.reflect.NativeMethodAccessorImpl.invoke0(Native Method)
	at sun.reflect.NativeMethodAccessorImpl.invoke(NativeMethodAccessorImpl.java:62)
	at sun.reflect.DelegatingMethodAccessorImpl.invoke(DelegatingMethodAccessorImpl.java:43)
	at java.lang.reflect.Method.invoke(Method.java:498)
	at org.testng.internal.MethodInvocationHelper.invokeMethod(MethodInvocationHelper.java:85)
	at org.testng.internal.MethodInvocationHelper$1.runTestMethod(MethodInvocationHelper.java:200)
	at cucumber.api.testng.AbstractTestNGCucumberTests.run(AbstractTestNGCucumberTests.java:19)
	at org.testng.internal.MethodInvocationHelper.invokeHookable(MethodInvocationHelper.java:212)
	at org.testng.internal.Invoker.invokeMethod(Invoker.java:689)
	at org.testng.internal.Invoker.invokeTestMethod(Invoker.java:882)
	at org.testng.internal.Invoker.invokeTestMethods(Invoker.java:1189)
	at org.testng.internal.TestMethodWorker.invokeTestMethods(TestMethodWorker.java:124)
	at org.testng.internal.TestMethodWorker.run(TestMethodWorker.java:108)
	at java.util.concurrent.ThreadPoolExecutor.runWorker(ThreadPoolExecutor.java:1142)
	at java.util.concurrent.ThreadPoolExecutor$Worker.run(ThreadPoolExecutor.java:617)
	at java.lang.Thread.run(Thread.java:745)
Caused by: org.openqa.selenium.WebDriverException: Unable to bind to locking port 7054 within 45000 ms
Build info: version: &apos;2.46.0&apos;, revision: &apos;61506a4624b13675f24581e453592342b7485d71&apos;, time: &apos;2015-06-04 10:22:50&apos;
System info: host: &apos;Alex-PC&apos;, ip: &apos;192.168.1.106&apos;, os.name: &apos;Windows 10&apos;, os.arch: &apos;amd64&apos;, os.version: &apos;10.0&apos;, java.version: &apos;1.8.0_121&apos;
Driver info: driver.version: FirefoxDriver
	at org.openqa.selenium.internal.SocketLock.lock(SocketLock.java:99)
	at org.openqa.selenium.firefox.internal.NewProfileExtensionConnection.start(NewProfileExtensionConnection.java:88)
	at org.openqa.selenium.firefox.FirefoxDriver.startClient(FirefoxDriver.java:275)
	at org.openqa.selenium.remote.RemoteWebDriver.&lt;init&gt;(RemoteWebDriver.java:116)
	at org.openqa.selenium.firefox.FirefoxDriver.&lt;init&gt;(FirefoxDriver.java:220)
	at org.openqa.selenium.firefox.FirefoxDriver.&lt;init&gt;(FirefoxDriver.java:215)
	at org.openqa.selenium.firefox.FirefoxDriver.&lt;init&gt;(FirefoxDriver.java:211)
	at org.openqa.selenium.firefox.FirefoxDriver.&lt;init&gt;(FirefoxDriver.java:124)
	at uk.co.automatictester.jwebfwk.framework.ParentScenario.startBrowser(ParentScenario.java:22)
	at uk.co.automatictester.jwebfwk.glue.StepDefinitions.beforeScenario(StepDefinitions.java:20)
	at sun.reflect.NativeMethodAccessorImpl.invoke0(Native Method)
	at sun.reflect.NativeMethodAccessorImpl.invoke(NativeMethodAccessorImpl.java:62)
	at sun.reflect.DelegatingMethodAccessorImpl.invoke(DelegatingMethodAccessorImpl.java:43)
	at java.lang.reflect.Method.invoke(Method.java:498)
	at cucumber.runtime.Utils$1.call(Utils.java:37)
	at cucumber.runtime.Timeout.timeout(Timeout.java:13)
	at cucumber.runtime.Utils.invoke(Utils.java:31)
	at cucumber.runtime.java.JavaHookDefinition.execute(JavaHookDefinition.java:59)
	at cucumber.runtime.Runtime.runHookIfTagsMatch(Runtime.java:222)
	at cucumber.runtime.Runtime.runHooks(Runtime.java:210)
	at cucumber.runtime.Runtime.runBeforeHooks(Runtime.java:200)
	at cucumber.runtime.model.CucumberScenario.run(CucumberScenario.java:44)
	at cucumber.runtime.model.CucumberFeature.run(CucumberFeature.java:163)
	at cucumber.runtime.Runtime.run(Runtime.java:120)
	at cucumber.api.testng.TestNGCucumberRunner.runCukes(TestNGCucumberRunner.java:43)
	... 17 more
</pre></div></td>
<td>46</td>
<td>uk.co.automatictester.jwebfwk.runners.DownloadFeatureRunner@6442b0a6</td></tr>
<tr>
<td title='uk.co.automatictester.jwebfwk.runners.DownloadFeatureRunner_Copy.run_cukes()'><b>run_cukes</b><br>Test class: uk.co.automatictester.jwebfwk.runners.DownloadFeatureRunner_Copy<br>Test method: Runs Cucumber Features<br/>
<a href="#Output-1318715054" onClick='toggleBox("Output-1318715054", this, "Show output", "Hide output");'>Show output</a>

<a href="#Output-1318715054" onClick="toggleAllBoxes();">Show all outputs</a>
<div class='log' id="Output-1318715054">
<div "featureFile">Feature File: src&#x2F;test&#x2F;resources&#x2F;features&#x2F;Download_Copy.feature</div><br/>
<div "feature">Feature: Download section</div><br/>
<div "scenario">Scenario: Java binding download link check</div><br/>
<div "result">Given  I am on the Selenium homepage (skipped)</div><br/>
<div "result">When  I click &quot;Download&quot; tab (skipped)</div><br/>
<div "result">Then  I should see &quot;Java&quot; download link on Download page (skipped)</div><br/>
<div "result">And  I should see &quot;C#&quot; download link on Download page (skipped)</div><br/>
<div "result">And  I should see &quot;Ruby&quot; download link on Download page (skipped)</div><br/>
<div "result">And  I should see &quot;Python&quot; download link on Download page (skipped)</div><br/>
<div "result">And  I should see &quot;Javascript (Node)&quot; download link on Download page (skipped)</div><br/>
</div>
</td>
<td><div><pre>cucumber.runtime.CucumberException: org.openqa.selenium.WebDriverException: Failed to connect to binary FirefoxBinary(C:\Program Files\Mozilla Firefox\firefox.exe) on port 7055; process output follows: 
8YMa_iF2_O20&quot;,&quot;location&quot;:&quot;app-global&quot;,&quot;version&quot;:&quot;44.0&quot;,&quot;type&quot;:&quot;theme&quot;,&quot;internalName&quot;:&quot;classic/1.0&quot;,&quot;updateURL&quot;:null,&quot;updateKey&quot;:null,&quot;optionsURL&quot;:null,&quot;optionsType&quot;:null,&quot;aboutURL&quot;:null,&quot;icons&quot;:{&quot;32&quot;:&quot;icon.png&quot;,&quot;48&quot;:&quot;icon.png&quot;},&quot;iconURL&quot;:null,&quot;icon64URL&quot;:null,&quot;defaultLocale&quot;:{&quot;name&quot;:&quot;Default&quot;,&quot;description&quot;:&quot;The default theme.&quot;,&quot;creator&quot;:&quot;Mozilla&quot;,&quot;homepageURL&quot;:null,&quot;contributors&quot;:[&quot;Mozilla Contributors&quot;]},&quot;visible&quot;:true,&quot;active&quot;:true,&quot;userDisabled&quot;:false,&quot;appDisabled&quot;:false,&quot;descriptor&quot;:&quot;C:\\Program Files\\Mozilla Firefox\\browser\\extensions\\{972ce4c6-7e08-4474-a285-3208198ce6fd}&quot;,&quot;installDate&quot;:1482203161597,&quot;updateDate&quot;:1482203161597,&quot;applyBackgroundUpdates&quot;:1,&quot;skinnable&quot;:true,&quot;size&quot;:24166,&quot;sourceURI&quot;:null,&quot;releaseNotesURI&quot;:null,&quot;softDisabled&quot;:false,&quot;foreignInstall&quot;:false,&quot;hasBinaryComponents&quot;:false,&quot;strictCompatibility&quot;:true,&quot;locales&quot;:[],&quot;targetApplications&quot;:[{&quot;id&quot;:&quot;{ec8030f7-c20a-464f-9b0e-13a3a9e97384}&quot;,&quot;minVersion&quot;:&quot;44.0&quot;,&quot;maxVersion&quot;:&quot;44.0&quot;}],&quot;targetPlatforms&quot;:[]}
1489322214743	addons.xpi	DEBUG	getModTime: Recursive scan of {972ce4c6-7e08-4474-a285-3208198ce6fd}
1489322214744	DeferredSave.extensions.json	DEBUG	Save changes
1489322214744	addons.xpi	DEBUG	Updating database with changes to installed add-ons
1489322214744	addons.xpi-utils	DEBUG	Updating add-on states
1489322214745	addons.xpi-utils	DEBUG	Writing add-ons list
1489322214752	addons.manager	DEBUG	Registering shutdown blocker for XPIProvider
1489322214752	addons.manager	DEBUG	Provider finished startup: XPIProvider
1489322214752	addons.manager	DEBUG	Starting provider: LightweightThemeManager
1489322214752	addons.manager	DEBUG	Registering shutdown blocker for LightweightThemeManager
1489322214753	addons.manager	DEBUG	Provider finished startup: LightweightThemeManager
1489322214753	addons.manager	DEBUG	Starting provider: GMPProvider
1489322214758	addons.manager	DEBUG	Registering shutdown blocker for GMPProvider
1489322214758	addons.manager	DEBUG	Provider finished startup: GMPProvider
1489322214758	addons.manager	DEBUG	Starting provider: PluginProvider
1489322214758	addons.manager	DEBUG	Registering shutdown blocker for PluginProvider
1489322214759	addons.manager	DEBUG	Provider finished startup: PluginProvider
1489322214759	addons.manager	DEBUG	Completed startup sequence
1489322214975	addons.manager	DEBUG	Starting provider: &lt;unnamed-provider&gt;
1489322214975	addons.manager	DEBUG	Registering shutdown blocker for &lt;unnamed-provider&gt;
1489322214975	addons.manager	DEBUG	Provider finished startup: &lt;unnamed-provider&gt;
1489322215068	DeferredSave.extensions.json	DEBUG	Starting write
1489322215270	addons.repository	DEBUG	No addons.json found.
1489322215270	DeferredSave.addons.json	DEBUG	Save changes
1489322215272	DeferredSave.addons.json	DEBUG	Starting timer
1489322215282	addons.manager	DEBUG	Starting provider: PreviousExperimentProvider
1489322215282	addons.manager	DEBUG	Registering shutdown blocker for PreviousExperimentProvider
1489322215282	addons.manager	DEBUG	Provider finished startup: PreviousExperimentProvider
1489322215285	DeferredSave.extensions.json	DEBUG	Write succeeded
1489322215285	addons.xpi-utils	DEBUG	XPI Database saved, setting schema version preference to 17
1489322215333	DeferredSave.addons.json	DEBUG	Starting write
1489322215489	DeferredSave.addons.json	DEBUG	Write succeeded
1489322237838	addons.manager	DEBUG	shutdown
1489322237838	addons.manager	DEBUG	Calling shutdown blocker for XPIProvider
1489322237838	addons.xpi	DEBUG	shutdown
1489322237839	addons.xpi-utils	DEBUG	shutdown
1489322237839	addons.manager	DEBUG	Calling shutdown blocker for LightweightThemeManager
1489322237839	addons.manager	DEBUG	Calling shutdown blocker for GMPProvider
1489322237840	addons.manager	DEBUG	Calling shutdown blocker for PluginProvider
1489322237840	addons.manager	DEBUG	Calling shutdown blocker for &lt;unnamed-provider&gt;
1489322237841	addons.manager	DEBUG	Calling shutdown blocker for PreviousExperimentProvider
1489322237843	addons.xpi	DEBUG	Notifying XPI shutdown observers
1489322237846	addons.manager	DEBUG	Async provider shutdown done

Build info: version: &apos;2.46.0&apos;, revision: &apos;61506a4624b13675f24581e453592342b7485d71&apos;, time: &apos;2015-06-04 10:22:50&apos;
System info: host: &apos;Alex-PC&apos;, ip: &apos;192.168.1.106&apos;, os.name: &apos;Windows 10&apos;, os.arch: &apos;amd64&apos;, os.version: &apos;10.0&apos;, java.version: &apos;1.8.0_121&apos;
Driver info: driver.version: FirefoxDriver
	at cucumber.api.testng.TestNGCucumberRunner.runCukes(TestNGCucumberRunner.java:48)
	at cucumber.api.testng.AbstractTestNGCucumberTests.run_cukes(AbstractTestNGCucumberTests.java:14)
	at cucumber.api.testng.AbstractTestNGCucumberTests.run(AbstractTestNGCucumberTests.java:19)
	at java.util.concurrent.ThreadPoolExecutor.runWorker(ThreadPoolExecutor.java:1142)
	at java.util.concurrent.ThreadPoolExecutor$Worker.run(ThreadPoolExecutor.java:617)
	at java.lang.Thread.run(Thread.java:745)
Caused by: org.openqa.selenium.WebDriverException: Failed to connect to binary FirefoxBinary(C:\Program Files\Mozilla Firefox\firefox.exe) on port 7055; process output follows: 
8YMa_iF2_O20&quot;,&quot;location&quot;:&quot;app-global&quot;,&quot;version&quot;:&quot;44.0&quot;,&quot;type&quot;:&quot;theme&quot;,&quot;internalName&quot;:&quot;classic/1.0&quot;,&quot;updateURL&quot;:null,&quot;updateKey&quot;:null,&quot;optionsURL&quot;:null,&quot;optionsType&quot;:null,&quot;aboutURL&quot;:null,&quot;icons&quot;:{&quot;32&quot;:&quot;icon.png&quot;,&quot;48&quot;:&quot;icon.png&quot;},&quot;iconURL&quot;:null,&quot;icon64URL&quot;:null,&quot;defaultLocale&quot;:{&quot;name&quot;:&quot;Default&quot;,&quot;description&quot;:&quot;The default theme.&quot;,&quot;creator&quot;:&quot;Mozilla&quot;,&quot;homepageURL&quot;:null,&quot;contributors&quot;:[&quot;Mozilla Contributors&quot;]},&quot;visible&quot;:true,&quot;active&quot;:true,&quot;userDisabled&quot;:false,&quot;appDisabled&quot;:false,&quot;descriptor&quot;:&quot;C:\\Program Files\\Mozilla Firefox\\browser\\extensions\\{972ce4c6-7e08-4474-a285-3208198ce6fd}&quot;,&quot;installDate&quot;:1482203161597,&quot;updateDate&quot;:1482203161597,&quot;applyBackgroundUpdates&quot;:1,&quot;skinnable&quot;:true,&quot;size&quot;:24166,&quot;sourceURI&quot;:null,&quot;releaseNotesURI&quot;:null,&quot;softDisabled&quot;:false,&quot;foreignInstall&quot;:false,&quot;hasBinaryComponents&quot;:false,&quot;strictCompatibility&quot;:true,&quot;locales&quot;:[],&quot;targetApplications&quot;:[{&quot;id&quot;:&quot;{ec8030f7-c20a-464f-9b0e-13a3a9e97384}&quot;,&quot;minVersion&quot;:&quot;44.0&quot;,&quot;maxVersion&quot;:&quot;44.0&quot;}],&quot;targetPlatforms&quot;:[]}
1489322214743	addons.xpi	DEBUG	getModTime: Recursive scan of {972ce4c6-7e08-4474-a285-3208198ce6fd}
1489322214744	DeferredSave.extensions.json	DEBUG	Save changes
1489322214744	addons.xpi	DEBUG	Updating database with changes to installed add-ons
1489322214744	addons.xpi-utils	DEBUG	Updating add-on states
1489322214745	addons.xpi-utils	DEBUG	Writing add-ons list
1489322214752	addons.manager	DEBUG	Registering shutdown blocker for XPIProvider
1489322214752	addons.manager	DEBUG	Provider finished startup: XPIProvider
1489322214752	addons.manager	DEBUG	Starting provider: LightweightThemeManager
1489322214752	addons.manager	DEBUG	Registering shutdown blocker for LightweightThemeManager
1489322214753	addons.manager	DEBUG	Provider finished startup: LightweightThemeManager
1489322214753	addons.manager	DEBUG	Starting provider: GMPProvider
1489322214758	addons.manager	DEBUG	Registering shutdown blocker for GMPProvider
1489322214758	addons.manager	DEBUG	Provider finished startup: GMPProvider
1489322214758	addons.manager	DEBUG	Starting provider: PluginProvider
1489322214758	addons.manager	DEBUG	Registering shutdown blocker for PluginProvider
1489322214759	addons.manager	DEBUG	Provider finished startup: PluginProvider
1489322214759	addons.manager	DEBUG	Completed startup sequence
1489322214975	addons.manager	DEBUG	Starting provider: &lt;unnamed-provider&gt;
1489322214975	addons.manager	DEBUG	Registering shutdown blocker for &lt;unnamed-provider&gt;
1489322214975	addons.manager	DEBUG	Provider finished startup: &lt;unnamed-provider&gt;
1489322215068	DeferredSave.extensions.json	DEBUG	Starting write
1489322215270	addons.repository	DEBUG	No addons.json found.
1489322215270	DeferredSave.addons.json	DEBUG	Save changes
1489322215272	DeferredSave.addons.json	DEBUG	Starting timer
1489322215282	addons.manager	DEBUG	Starting provider: PreviousExperimentProvider
1489322215282	addons.manager	DEBUG	Registering shutdown blocker for PreviousExperimentProvider
1489322215282	addons.manager	DEBUG	Provider finished startup: PreviousExperimentProvider
1489322215285	DeferredSave.extensions.json	DEBUG	Write succeeded
1489322215285	addons.xpi-utils	DEBUG	XPI Database saved, setting schema version preference to 17
1489322215333	DeferredSave.addons.json	DEBUG	Starting write
1489322215489	DeferredSave.addons.json	DEBUG	Write succeeded
1489322237838	addons.manager	DEBUG	shutdown
1489322237838	addons.manager	DEBUG	Calling shutdown blocker for XPIProvider
1489322237838	addons.xpi	DEBUG	shutdown
1489322237839	addons.xpi-utils	DEBUG	shutdown
1489322237839	addons.manager	DEBUG	Calling shutdown blocker for LightweightThemeManager
1489322237839	addons.manager	DEBUG	Calling shutdown blocker for GMPProvider
1489322237840	addons.manager	DEBUG	Calling shutdown blocker for PluginProvider
1489322237840	addons.manager	DEBUG	Calling shutdown blocker for &lt;unnamed-provider&gt;
1489322237841	addons.manager	DEBUG	Calling shutdown blocker for PreviousExperimentProvider
1489322237843	addons.xpi	DEBUG	Notifying XPI shutdown observers
1489322237846	addons.manager	DEBUG	Async provider shutdown done

Build info: version: &apos;2.46.0&apos;, revision: &apos;61506a4624b13675f24581e453592342b7485d71&apos;, time: &apos;2015-06-04 10:22:50&apos;
System info: host: &apos;Alex-PC&apos;, ip: &apos;192.168.1.106&apos;, os.name: &apos;Windows 10&apos;, os.arch: &apos;amd64&apos;, os.version: &apos;10.0&apos;, java.version: &apos;1.8.0_121&apos;
Driver info: driver.version: FirefoxDriver
	at org.openqa.selenium.firefox.internal.NewProfileExtensionConnection.start(NewProfileExtensionConnection.java:132)
	at org.openqa.selenium.firefox.FirefoxDriver.startClient(FirefoxDriver.java:275)
	at org.openqa.selenium.remote.RemoteWebDriver.&lt;init&gt;(RemoteWebDriver.java:116)
	at org.openqa.selenium.firefox.FirefoxDriver.&lt;init&gt;(FirefoxDriver.java:220)
	at org.openqa.selenium.firefox.FirefoxDriver.&lt;init&gt;(FirefoxDriver.java:215)
	at org.openqa.selenium.firefox.FirefoxDriver.&lt;init&gt;(FirefoxDriver.java:211)
	at org.openqa.selenium.firefox.FirefoxDriver.&lt;init&gt;(FirefoxDriver.java:124)
	at uk.co.automatictester.jwebfwk.framework.ParentScenario.startBrowser(ParentScenario.java:22)
	at uk.co.automatictester.jwebfwk.glue.StepDefinitions.beforeScenario(StepDefinitions.java:20)
	at cucumber.runtime.Utils$1.call(Utils.java:37)
	at cucumber.runtime.Timeout.timeout(Timeout.java:13)
	at cucumber.runtime.Utils.invoke(Utils.java:31)
	at cucumber.runtime.java.JavaHookDefinition.execute(JavaHookDefinition.java:59)
	at cucumber.runtime.Runtime.runHookIfTagsMatch(Runtime.java:222)
	at cucumber.runtime.Runtime.runHooks(Runtime.java:210)
	at cucumber.runtime.Runtime.runBeforeHooks(Runtime.java:200)
	at cucumber.runtime.model.CucumberScenario.run(CucumberScenario.java:44)
	at cucumber.runtime.model.CucumberFeature.run(CucumberFeature.java:163)
	at cucumber.runtime.Runtime.run(Runtime.java:120)
	at cucumber.api.testng.TestNGCucumberRunner.runCukes(TestNGCucumberRunner.java:43)
	... 17 more
Caused by: org.openqa.selenium.firefox.NotConnectedException: Unable to connect to host 127.0.0.1 on port 7055 after 45000 ms. Firefox console output:
8YMa_iF2_O20&quot;,&quot;location&quot;:&quot;app-global&quot;,&quot;version&quot;:&quot;44.0&quot;,&quot;type&quot;:&quot;theme&quot;,&quot;internalName&quot;:&quot;classic/1.0&quot;,&quot;updateURL&quot;:null,&quot;updateKey&quot;:null,&quot;optionsURL&quot;:null,&quot;optionsType&quot;:null,&quot;aboutURL&quot;:null,&quot;icons&quot;:{&quot;32&quot;:&quot;icon.png&quot;,&quot;48&quot;:&quot;icon.png&quot;},&quot;iconURL&quot;:null,&quot;icon64URL&quot;:null,&quot;defaultLocale&quot;:{&quot;name&quot;:&quot;Default&quot;,&quot;description&quot;:&quot;The default theme.&quot;,&quot;creator&quot;:&quot;Mozilla&quot;,&quot;homepageURL&quot;:null,&quot;contributors&quot;:[&quot;Mozilla Contributors&quot;]},&quot;visible&quot;:true,&quot;active&quot;:true,&quot;userDisabled&quot;:false,&quot;appDisabled&quot;:false,&quot;descriptor&quot;:&quot;C:\\Program Files\\Mozilla Firefox\\browser\\extensions\\{972ce4c6-7e08-4474-a285-3208198ce6fd}&quot;,&quot;installDate&quot;:1482203161597,&quot;updateDate&quot;:1482203161597,&quot;applyBackgroundUpdates&quot;:1,&quot;skinnable&quot;:true,&quot;size&quot;:24166,&quot;sourceURI&quot;:null,&quot;releaseNotesURI&quot;:null,&quot;softDisabled&quot;:false,&quot;foreignInstall&quot;:false,&quot;hasBinaryComponents&quot;:false,&quot;strictCompatibility&quot;:true,&quot;locales&quot;:[],&quot;targetApplications&quot;:[{&quot;id&quot;:&quot;{ec8030f7-c20a-464f-9b0e-13a3a9e97384}&quot;,&quot;minVersion&quot;:&quot;44.0&quot;,&quot;maxVersion&quot;:&quot;44.0&quot;}],&quot;targetPlatforms&quot;:[]}
1489322214743	addons.xpi	DEBUG	getModTime: Recursive scan of {972ce4c6-7e08-4474-a285-3208198ce6fd}
1489322214744	DeferredSave.extensions.json	DEBUG	Save changes
1489322214744	addons.xpi	DEBUG	Updating database with changes to installed add-ons
1489322214744	addons.xpi-utils	DEBUG	Updating add-on states
1489322214745	addons.xpi-utils	DEBUG	Writing add-ons list
1489322214752	addons.manager	DEBUG	Registering shutdown blocker for XPIProvider
1489322214752	addons.manager	DEBUG	Provider finished startup: XPIProvider
1489322214752	addons.manager	DEBUG	Starting provider: LightweightThemeManager
1489322214752	addons.manager	DEBUG	Registering shutdown blocker for LightweightThemeManager
1489322214753	addons.manager	DEBUG	Provider finished startup: LightweightThemeManager
1489322214753	addons.manager	DEBUG	Starting provider: GMPProvider
1489322214758	addons.manager	DEBUG	Registering shutdown blocker for GMPProvider
1489322214758	addons.manager	DEBUG	Provider finished startup: GMPProvider
1489322214758	addons.manager	DEBUG	Starting provider: PluginProvider
1489322214758	addons.manager	DEBUG	Registering shutdown blocker for PluginProvider
1489322214759	addons.manager	DEBUG	Provider finished startup: PluginProvider
1489322214759	addons.manager	DEBUG	Completed startup sequence
1489322214975	addons.manager	DEBUG	Starting provider: &lt;unnamed-provider&gt;
1489322214975	addons.manager	DEBUG	Registering shutdown blocker for &lt;unnamed-provider&gt;
1489322214975	addons.manager	DEBUG	Provider finished startup: &lt;unnamed-provider&gt;
1489322215068	DeferredSave.extensions.json	DEBUG	Starting write
1489322215270	addons.repository	DEBUG	No addons.json found.
1489322215270	DeferredSave.addons.json	DEBUG	Save changes
1489322215272	DeferredSave.addons.json	DEBUG	Starting timer
1489322215282	addons.manager	DEBUG	Starting provider: PreviousExperimentProvider
1489322215282	addons.manager	DEBUG	Registering shutdown blocker for PreviousExperimentProvider
1489322215282	addons.manager	DEBUG	Provider finished startup: PreviousExperimentProvider
1489322215285	DeferredSave.extensions.json	DEBUG	Write succeeded
1489322215285	addons.xpi-utils	DEBUG	XPI Database saved, setting schema version preference to 17
1489322215333	DeferredSave.addons.json	DEBUG	Starting write
1489322215489	DeferredSave.addons.json	DEBUG	Write succeeded
1489322237838	addons.manager	DEBUG	shutdown
1489322237838	addons.manager	DEBUG	Calling shutdown blocker for XPIProvider
1489322237838	addons.xpi	DEBUG	shutdown
1489322237839	addons.xpi-utils	DEBUG	shutdown
1489322237839	addons.manager	DEBUG	Calling shutdown blocker for LightweightThemeManager
1489322237839	addons.manager	DEBUG	Calling shutdown blocker for GMPProvider
1489322237840	addons.manager	DEBUG	Calling shutdown blocker for PluginProvider
1489322237840	addons.manager	DEBUG	Calling shutdown blocker for &lt;unnamed-provider&gt;
1489322237841	addons.manager	DEBUG	Calling shutdown blocker for PreviousExperimentProvider
1489322237843	addons.xpi	DEBUG	Notifying XPI shutdown observers
1489322237846	addons.manager	DEBUG	Async provider shutdown done

	at org.openqa.selenium.firefox.internal.NewProfileExtensionConnection.start(NewProfileExtensionConnection.java:120)
	... 40 more
... Removed 16 stack frames</pre></div><a href='#' onClick='toggleBox("stack-trace1318715054", this, "Click to show all stack frames", "Click to hide stack frames")'>Click to show all stack frames</a>
<div class='stack-trace' id='stack-trace1318715054'><pre>cucumber.runtime.CucumberException: org.openqa.selenium.WebDriverException: Failed to connect to binary FirefoxBinary(C:\Program Files\Mozilla Firefox\firefox.exe) on port 7055; process output follows: 
8YMa_iF2_O20&quot;,&quot;location&quot;:&quot;app-global&quot;,&quot;version&quot;:&quot;44.0&quot;,&quot;type&quot;:&quot;theme&quot;,&quot;internalName&quot;:&quot;classic/1.0&quot;,&quot;updateURL&quot;:null,&quot;updateKey&quot;:null,&quot;optionsURL&quot;:null,&quot;optionsType&quot;:null,&quot;aboutURL&quot;:null,&quot;icons&quot;:{&quot;32&quot;:&quot;icon.png&quot;,&quot;48&quot;:&quot;icon.png&quot;},&quot;iconURL&quot;:null,&quot;icon64URL&quot;:null,&quot;defaultLocale&quot;:{&quot;name&quot;:&quot;Default&quot;,&quot;description&quot;:&quot;The default theme.&quot;,&quot;creator&quot;:&quot;Mozilla&quot;,&quot;homepageURL&quot;:null,&quot;contributors&quot;:[&quot;Mozilla Contributors&quot;]},&quot;visible&quot;:true,&quot;active&quot;:true,&quot;userDisabled&quot;:false,&quot;appDisabled&quot;:false,&quot;descriptor&quot;:&quot;C:\\Program Files\\Mozilla Firefox\\browser\\extensions\\{972ce4c6-7e08-4474-a285-3208198ce6fd}&quot;,&quot;installDate&quot;:1482203161597,&quot;updateDate&quot;:1482203161597,&quot;applyBackgroundUpdates&quot;:1,&quot;skinnable&quot;:true,&quot;size&quot;:24166,&quot;sourceURI&quot;:null,&quot;releaseNotesURI&quot;:null,&quot;softDisabled&quot;:false,&quot;foreignInstall&quot;:false,&quot;hasBinaryComponents&quot;:false,&quot;strictCompatibility&quot;:true,&quot;locales&quot;:[],&quot;targetApplications&quot;:[{&quot;id&quot;:&quot;{ec8030f7-c20a-464f-9b0e-13a3a9e97384}&quot;,&quot;minVersion&quot;:&quot;44.0&quot;,&quot;maxVersion&quot;:&quot;44.0&quot;}],&quot;targetPlatforms&quot;:[]}
1489322214743	addons.xpi	DEBUG	getModTime: Recursive scan of {972ce4c6-7e08-4474-a285-3208198ce6fd}
1489322214744	DeferredSave.extensions.json	DEBUG	Save changes
1489322214744	addons.xpi	DEBUG	Updating database with changes to installed add-ons
1489322214744	addons.xpi-utils	DEBUG	Updating add-on states
1489322214745	addons.xpi-utils	DEBUG	Writing add-ons list
1489322214752	addons.manager	DEBUG	Registering shutdown blocker for XPIProvider
1489322214752	addons.manager	DEBUG	Provider finished startup: XPIProvider
1489322214752	addons.manager	DEBUG	Starting provider: LightweightThemeManager
1489322214752	addons.manager	DEBUG	Registering shutdown blocker for LightweightThemeManager
1489322214753	addons.manager	DEBUG	Provider finished startup: LightweightThemeManager
1489322214753	addons.manager	DEBUG	Starting provider: GMPProvider
1489322214758	addons.manager	DEBUG	Registering shutdown blocker for GMPProvider
1489322214758	addons.manager	DEBUG	Provider finished startup: GMPProvider
1489322214758	addons.manager	DEBUG	Starting provider: PluginProvider
1489322214758	addons.manager	DEBUG	Registering shutdown blocker for PluginProvider
1489322214759	addons.manager	DEBUG	Provider finished startup: PluginProvider
1489322214759	addons.manager	DEBUG	Completed startup sequence
1489322214975	addons.manager	DEBUG	Starting provider: &lt;unnamed-provider&gt;
1489322214975	addons.manager	DEBUG	Registering shutdown blocker for &lt;unnamed-provider&gt;
1489322214975	addons.manager	DEBUG	Provider finished startup: &lt;unnamed-provider&gt;
1489322215068	DeferredSave.extensions.json	DEBUG	Starting write
1489322215270	addons.repository	DEBUG	No addons.json found.
1489322215270	DeferredSave.addons.json	DEBUG	Save changes
1489322215272	DeferredSave.addons.json	DEBUG	Starting timer
1489322215282	addons.manager	DEBUG	Starting provider: PreviousExperimentProvider
1489322215282	addons.manager	DEBUG	Registering shutdown blocker for PreviousExperimentProvider
1489322215282	addons.manager	DEBUG	Provider finished startup: PreviousExperimentProvider
1489322215285	DeferredSave.extensions.json	DEBUG	Write succeeded
1489322215285	addons.xpi-utils	DEBUG	XPI Database saved, setting schema version preference to 17
1489322215333	DeferredSave.addons.json	DEBUG	Starting write
1489322215489	DeferredSave.addons.json	DEBUG	Write succeeded
1489322237838	addons.manager	DEBUG	shutdown
1489322237838	addons.manager	DEBUG	Calling shutdown blocker for XPIProvider
1489322237838	addons.xpi	DEBUG	shutdown
1489322237839	addons.xpi-utils	DEBUG	shutdown
1489322237839	addons.manager	DEBUG	Calling shutdown blocker for LightweightThemeManager
1489322237839	addons.manager	DEBUG	Calling shutdown blocker for GMPProvider
1489322237840	addons.manager	DEBUG	Calling shutdown blocker for PluginProvider
1489322237840	addons.manager	DEBUG	Calling shutdown blocker for &lt;unnamed-provider&gt;
1489322237841	addons.manager	DEBUG	Calling shutdown blocker for PreviousExperimentProvider
1489322237843	addons.xpi	DEBUG	Notifying XPI shutdown observers
1489322237846	addons.manager	DEBUG	Async provider shutdown done

Build info: version: &apos;2.46.0&apos;, revision: &apos;61506a4624b13675f24581e453592342b7485d71&apos;, time: &apos;2015-06-04 10:22:50&apos;
System info: host: &apos;Alex-PC&apos;, ip: &apos;192.168.1.106&apos;, os.name: &apos;Windows 10&apos;, os.arch: &apos;amd64&apos;, os.version: &apos;10.0&apos;, java.version: &apos;1.8.0_121&apos;
Driver info: driver.version: FirefoxDriver
	at cucumber.api.testng.TestNGCucumberRunner.runCukes(TestNGCucumberRunner.java:48)
	at cucumber.api.testng.AbstractTestNGCucumberTests.run_cukes(AbstractTestNGCucumberTests.java:14)
	at sun.reflect.NativeMethodAccessorImpl.invoke0(Native Method)
	at sun.reflect.NativeMethodAccessorImpl.invoke(NativeMethodAccessorImpl.java:62)
	at sun.reflect.DelegatingMethodAccessorImpl.invoke(DelegatingMethodAccessorImpl.java:43)
	at java.lang.reflect.Method.invoke(Method.java:498)
	at org.testng.internal.MethodInvocationHelper.invokeMethod(MethodInvocationHelper.java:85)
	at org.testng.internal.MethodInvocationHelper$1.runTestMethod(MethodInvocationHelper.java:200)
	at cucumber.api.testng.AbstractTestNGCucumberTests.run(AbstractTestNGCucumberTests.java:19)
	at org.testng.internal.MethodInvocationHelper.invokeHookable(MethodInvocationHelper.java:212)
	at org.testng.internal.Invoker.invokeMethod(Invoker.java:689)
	at org.testng.internal.Invoker.invokeTestMethod(Invoker.java:882)
	at org.testng.internal.Invoker.invokeTestMethods(Invoker.java:1189)
	at org.testng.internal.TestMethodWorker.invokeTestMethods(TestMethodWorker.java:124)
	at org.testng.internal.TestMethodWorker.run(TestMethodWorker.java:108)
	at java.util.concurrent.ThreadPoolExecutor.runWorker(ThreadPoolExecutor.java:1142)
	at java.util.concurrent.ThreadPoolExecutor$Worker.run(ThreadPoolExecutor.java:617)
	at java.lang.Thread.run(Thread.java:745)
Caused by: org.openqa.selenium.WebDriverException: Failed to connect to binary FirefoxBinary(C:\Program Files\Mozilla Firefox\firefox.exe) on port 7055; process output follows: 
8YMa_iF2_O20&quot;,&quot;location&quot;:&quot;app-global&quot;,&quot;version&quot;:&quot;44.0&quot;,&quot;type&quot;:&quot;theme&quot;,&quot;internalName&quot;:&quot;classic/1.0&quot;,&quot;updateURL&quot;:null,&quot;updateKey&quot;:null,&quot;optionsURL&quot;:null,&quot;optionsType&quot;:null,&quot;aboutURL&quot;:null,&quot;icons&quot;:{&quot;32&quot;:&quot;icon.png&quot;,&quot;48&quot;:&quot;icon.png&quot;},&quot;iconURL&quot;:null,&quot;icon64URL&quot;:null,&quot;defaultLocale&quot;:{&quot;name&quot;:&quot;Default&quot;,&quot;description&quot;:&quot;The default theme.&quot;,&quot;creator&quot;:&quot;Mozilla&quot;,&quot;homepageURL&quot;:null,&quot;contributors&quot;:[&quot;Mozilla Contributors&quot;]},&quot;visible&quot;:true,&quot;active&quot;:true,&quot;userDisabled&quot;:false,&quot;appDisabled&quot;:false,&quot;descriptor&quot;:&quot;C:\\Program Files\\Mozilla Firefox\\browser\\extensions\\{972ce4c6-7e08-4474-a285-3208198ce6fd}&quot;,&quot;installDate&quot;:1482203161597,&quot;updateDate&quot;:1482203161597,&quot;applyBackgroundUpdates&quot;:1,&quot;skinnable&quot;:true,&quot;size&quot;:24166,&quot;sourceURI&quot;:null,&quot;releaseNotesURI&quot;:null,&quot;softDisabled&quot;:false,&quot;foreignInstall&quot;:false,&quot;hasBinaryComponents&quot;:false,&quot;strictCompatibility&quot;:true,&quot;locales&quot;:[],&quot;targetApplications&quot;:[{&quot;id&quot;:&quot;{ec8030f7-c20a-464f-9b0e-13a3a9e97384}&quot;,&quot;minVersion&quot;:&quot;44.0&quot;,&quot;maxVersion&quot;:&quot;44.0&quot;}],&quot;targetPlatforms&quot;:[]}
1489322214743	addons.xpi	DEBUG	getModTime: Recursive scan of {972ce4c6-7e08-4474-a285-3208198ce6fd}
1489322214744	DeferredSave.extensions.json	DEBUG	Save changes
1489322214744	addons.xpi	DEBUG	Updating database with changes to installed add-ons
1489322214744	addons.xpi-utils	DEBUG	Updating add-on states
1489322214745	addons.xpi-utils	DEBUG	Writing add-ons list
1489322214752	addons.manager	DEBUG	Registering shutdown blocker for XPIProvider
1489322214752	addons.manager	DEBUG	Provider finished startup: XPIProvider
1489322214752	addons.manager	DEBUG	Starting provider: LightweightThemeManager
1489322214752	addons.manager	DEBUG	Registering shutdown blocker for LightweightThemeManager
1489322214753	addons.manager	DEBUG	Provider finished startup: LightweightThemeManager
1489322214753	addons.manager	DEBUG	Starting provider: GMPProvider
1489322214758	addons.manager	DEBUG	Registering shutdown blocker for GMPProvider
1489322214758	addons.manager	DEBUG	Provider finished startup: GMPProvider
1489322214758	addons.manager	DEBUG	Starting provider: PluginProvider
1489322214758	addons.manager	DEBUG	Registering shutdown blocker for PluginProvider
1489322214759	addons.manager	DEBUG	Provider finished startup: PluginProvider
1489322214759	addons.manager	DEBUG	Completed startup sequence
1489322214975	addons.manager	DEBUG	Starting provider: &lt;unnamed-provider&gt;
1489322214975	addons.manager	DEBUG	Registering shutdown blocker for &lt;unnamed-provider&gt;
1489322214975	addons.manager	DEBUG	Provider finished startup: &lt;unnamed-provider&gt;
1489322215068	DeferredSave.extensions.json	DEBUG	Starting write
1489322215270	addons.repository	DEBUG	No addons.json found.
1489322215270	DeferredSave.addons.json	DEBUG	Save changes
1489322215272	DeferredSave.addons.json	DEBUG	Starting timer
1489322215282	addons.manager	DEBUG	Starting provider: PreviousExperimentProvider
1489322215282	addons.manager	DEBUG	Registering shutdown blocker for PreviousExperimentProvider
1489322215282	addons.manager	DEBUG	Provider finished startup: PreviousExperimentProvider
1489322215285	DeferredSave.extensions.json	DEBUG	Write succeeded
1489322215285	addons.xpi-utils	DEBUG	XPI Database saved, setting schema version preference to 17
1489322215333	DeferredSave.addons.json	DEBUG	Starting write
1489322215489	DeferredSave.addons.json	DEBUG	Write succeeded
1489322237838	addons.manager	DEBUG	shutdown
1489322237838	addons.manager	DEBUG	Calling shutdown blocker for XPIProvider
1489322237838	addons.xpi	DEBUG	shutdown
1489322237839	addons.xpi-utils	DEBUG	shutdown
1489322237839	addons.manager	DEBUG	Calling shutdown blocker for LightweightThemeManager
1489322237839	addons.manager	DEBUG	Calling shutdown blocker for GMPProvider
1489322237840	addons.manager	DEBUG	Calling shutdown blocker for PluginProvider
1489322237840	addons.manager	DEBUG	Calling shutdown blocker for &lt;unnamed-provider&gt;
1489322237841	addons.manager	DEBUG	Calling shutdown blocker for PreviousExperimentProvider
1489322237843	addons.xpi	DEBUG	Notifying XPI shutdown observers
1489322237846	addons.manager	DEBUG	Async provider shutdown done

Build info: version: &apos;2.46.0&apos;, revision: &apos;61506a4624b13675f24581e453592342b7485d71&apos;, time: &apos;2015-06-04 10:22:50&apos;
System info: host: &apos;Alex-PC&apos;, ip: &apos;192.168.1.106&apos;, os.name: &apos;Windows 10&apos;, os.arch: &apos;amd64&apos;, os.version: &apos;10.0&apos;, java.version: &apos;1.8.0_121&apos;
Driver info: driver.version: FirefoxDriver
	at org.openqa.selenium.firefox.internal.NewProfileExtensionConnection.start(NewProfileExtensionConnection.java:132)
	at org.openqa.selenium.firefox.FirefoxDriver.startClient(FirefoxDriver.java:275)
	at org.openqa.selenium.remote.RemoteWebDriver.&lt;init&gt;(RemoteWebDriver.java:116)
	at org.openqa.selenium.firefox.FirefoxDriver.&lt;init&gt;(FirefoxDriver.java:220)
	at org.openqa.selenium.firefox.FirefoxDriver.&lt;init&gt;(FirefoxDriver.java:215)
	at org.openqa.selenium.firefox.FirefoxDriver.&lt;init&gt;(FirefoxDriver.java:211)
	at org.openqa.selenium.firefox.FirefoxDriver.&lt;init&gt;(FirefoxDriver.java:124)
	at uk.co.automatictester.jwebfwk.framework.ParentScenario.startBrowser(ParentScenario.java:22)
	at uk.co.automatictester.jwebfwk.glue.StepDefinitions.beforeScenario(StepDefinitions.java:20)
	at sun.reflect.NativeMethodAccessorImpl.invoke0(Native Method)
	at sun.reflect.NativeMethodAccessorImpl.invoke(NativeMethodAccessorImpl.java:62)
	at sun.reflect.DelegatingMethodAccessorImpl.invoke(DelegatingMethodAccessorImpl.java:43)
	at java.lang.reflect.Method.invoke(Method.java:498)
	at cucumber.runtime.Utils$1.call(Utils.java:37)
	at cucumber.runtime.Timeout.timeout(Timeout.java:13)
	at cucumber.runtime.Utils.invoke(Utils.java:31)
	at cucumber.runtime.java.JavaHookDefinition.execute(JavaHookDefinition.java:59)
	at cucumber.runtime.Runtime.runHookIfTagsMatch(Runtime.java:222)
	at cucumber.runtime.Runtime.runHooks(Runtime.java:210)
	at cucumber.runtime.Runtime.runBeforeHooks(Runtime.java:200)
	at cucumber.runtime.model.CucumberScenario.run(CucumberScenario.java:44)
	at cucumber.runtime.model.CucumberFeature.run(CucumberFeature.java:163)
	at cucumber.runtime.Runtime.run(Runtime.java:120)
	at cucumber.api.testng.TestNGCucumberRunner.runCukes(TestNGCucumberRunner.java:43)
	... 17 more
Caused by: org.openqa.selenium.firefox.NotConnectedException: Unable to connect to host 127.0.0.1 on port 7055 after 45000 ms. Firefox console output:
8YMa_iF2_O20&quot;,&quot;location&quot;:&quot;app-global&quot;,&quot;version&quot;:&quot;44.0&quot;,&quot;type&quot;:&quot;theme&quot;,&quot;internalName&quot;:&quot;classic/1.0&quot;,&quot;updateURL&quot;:null,&quot;updateKey&quot;:null,&quot;optionsURL&quot;:null,&quot;optionsType&quot;:null,&quot;aboutURL&quot;:null,&quot;icons&quot;:{&quot;32&quot;:&quot;icon.png&quot;,&quot;48&quot;:&quot;icon.png&quot;},&quot;iconURL&quot;:null,&quot;icon64URL&quot;:null,&quot;defaultLocale&quot;:{&quot;name&quot;:&quot;Default&quot;,&quot;description&quot;:&quot;The default theme.&quot;,&quot;creator&quot;:&quot;Mozilla&quot;,&quot;homepageURL&quot;:null,&quot;contributors&quot;:[&quot;Mozilla Contributors&quot;]},&quot;visible&quot;:true,&quot;active&quot;:true,&quot;userDisabled&quot;:false,&quot;appDisabled&quot;:false,&quot;descriptor&quot;:&quot;C:\\Program Files\\Mozilla Firefox\\browser\\extensions\\{972ce4c6-7e08-4474-a285-3208198ce6fd}&quot;,&quot;installDate&quot;:1482203161597,&quot;updateDate&quot;:1482203161597,&quot;applyBackgroundUpdates&quot;:1,&quot;skinnable&quot;:true,&quot;size&quot;:24166,&quot;sourceURI&quot;:null,&quot;releaseNotesURI&quot;:null,&quot;softDisabled&quot;:false,&quot;foreignInstall&quot;:false,&quot;hasBinaryComponents&quot;:false,&quot;strictCompatibility&quot;:true,&quot;locales&quot;:[],&quot;targetApplications&quot;:[{&quot;id&quot;:&quot;{ec8030f7-c20a-464f-9b0e-13a3a9e97384}&quot;,&quot;minVersion&quot;:&quot;44.0&quot;,&quot;maxVersion&quot;:&quot;44.0&quot;}],&quot;targetPlatforms&quot;:[]}
1489322214743	addons.xpi	DEBUG	getModTime: Recursive scan of {972ce4c6-7e08-4474-a285-3208198ce6fd}
1489322214744	DeferredSave.extensions.json	DEBUG	Save changes
1489322214744	addons.xpi	DEBUG	Updating database with changes to installed add-ons
1489322214744	addons.xpi-utils	DEBUG	Updating add-on states
1489322214745	addons.xpi-utils	DEBUG	Writing add-ons list
1489322214752	addons.manager	DEBUG	Registering shutdown blocker for XPIProvider
1489322214752	addons.manager	DEBUG	Provider finished startup: XPIProvider
1489322214752	addons.manager	DEBUG	Starting provider: LightweightThemeManager
1489322214752	addons.manager	DEBUG	Registering shutdown blocker for LightweightThemeManager
1489322214753	addons.manager	DEBUG	Provider finished startup: LightweightThemeManager
1489322214753	addons.manager	DEBUG	Starting provider: GMPProvider
1489322214758	addons.manager	DEBUG	Registering shutdown blocker for GMPProvider
1489322214758	addons.manager	DEBUG	Provider finished startup: GMPProvider
1489322214758	addons.manager	DEBUG	Starting provider: PluginProvider
1489322214758	addons.manager	DEBUG	Registering shutdown blocker for PluginProvider
1489322214759	addons.manager	DEBUG	Provider finished startup: PluginProvider
1489322214759	addons.manager	DEBUG	Completed startup sequence
1489322214975	addons.manager	DEBUG	Starting provider: &lt;unnamed-provider&gt;
1489322214975	addons.manager	DEBUG	Registering shutdown blocker for &lt;unnamed-provider&gt;
1489322214975	addons.manager	DEBUG	Provider finished startup: &lt;unnamed-provider&gt;
1489322215068	DeferredSave.extensions.json	DEBUG	Starting write
1489322215270	addons.repository	DEBUG	No addons.json found.
1489322215270	DeferredSave.addons.json	DEBUG	Save changes
1489322215272	DeferredSave.addons.json	DEBUG	Starting timer
1489322215282	addons.manager	DEBUG	Starting provider: PreviousExperimentProvider
1489322215282	addons.manager	DEBUG	Registering shutdown blocker for PreviousExperimentProvider
1489322215282	addons.manager	DEBUG	Provider finished startup: PreviousExperimentProvider
1489322215285	DeferredSave.extensions.json	DEBUG	Write succeeded
1489322215285	addons.xpi-utils	DEBUG	XPI Database saved, setting schema version preference to 17
1489322215333	DeferredSave.addons.json	DEBUG	Starting write
1489322215489	DeferredSave.addons.json	DEBUG	Write succeeded
1489322237838	addons.manager	DEBUG	shutdown
1489322237838	addons.manager	DEBUG	Calling shutdown blocker for XPIProvider
1489322237838	addons.xpi	DEBUG	shutdown
1489322237839	addons.xpi-utils	DEBUG	shutdown
1489322237839	addons.manager	DEBUG	Calling shutdown blocker for LightweightThemeManager
1489322237839	addons.manager	DEBUG	Calling shutdown blocker for GMPProvider
1489322237840	addons.manager	DEBUG	Calling shutdown blocker for PluginProvider
1489322237840	addons.manager	DEBUG	Calling shutdown blocker for &lt;unnamed-provider&gt;
1489322237841	addons.manager	DEBUG	Calling shutdown blocker for PreviousExperimentProvider
1489322237843	addons.xpi	DEBUG	Notifying XPI shutdown observers
1489322237846	addons.manager	DEBUG	Async provider shutdown done

	at org.openqa.selenium.firefox.internal.NewProfileExtensionConnection.start(NewProfileExtensionConnection.java:120)
	... 40 more
</pre></div></td>
<td>47</td>
<td>uk.co.automatictester.jwebfwk.runners.DownloadFeatureRunner_Copy@380fb434</td></tr>
</table><p>
</body>
</html>